{"/Users/rexgtcoder/Documents/projects/aerobook-web/src/__tests__/helpers.ts": {"path":"/Users/rexgtcoder/Documents/projects/aerobook-web/src/__tests__/helpers.ts","statementMap":{"0":{"start":{"line":4,"column":2},"end":{"line":14,"column":null}},"1":{"start":{"line":18,"column":2},"end":{"line":29,"column":null}},"2":{"start":{"line":33,"column":2},"end":{"line":45,"column":null}},"3":{"start":{"line":49,"column":2},"end":{"line":59,"column":null}},"4":{"start":{"line":63,"column":2},"end":{"line":76,"column":null}},"5":{"start":{"line":80,"column":2},"end":{"line":93,"column":null}}},"fnMap":{"0":{"name":"makeUser","decl":{"start":{"line":3,"column":16},"end":{"line":3,"column":25}},"loc":{"start":{"line":3,"column":62},"end":{"line":15,"column":null}},"line":3},"1":{"name":"makeMember","decl":{"start":{"line":17,"column":16},"end":{"line":17,"column":27}},"loc":{"start":{"line":17,"column":68},"end":{"line":30,"column":null}},"line":17},"2":{"name":"makeAircraft","decl":{"start":{"line":32,"column":16},"end":{"line":32,"column":29}},"loc":{"start":{"line":32,"column":74},"end":{"line":46,"column":null}},"line":32},"3":{"name":"makeReservation","decl":{"start":{"line":48,"column":16},"end":{"line":48,"column":32}},"loc":{"start":{"line":48,"column":83},"end":{"line":60,"column":null}},"line":48},"4":{"name":"makeFlightLog","decl":{"start":{"line":62,"column":16},"end":{"line":62,"column":30}},"loc":{"start":{"line":62,"column":77},"end":{"line":77,"column":null}},"line":62},"5":{"name":"makeBillingRecord","decl":{"start":{"line":79,"column":16},"end":{"line":79,"column":34}},"loc":{"start":{"line":79,"column":89},"end":{"line":94,"column":null}},"line":79}},"branchMap":{"0":{"loc":{"start":{"line":3,"column":25},"end":{"line":3,"column":62}},"type":"default-arg","locations":[{"start":{"line":3,"column":52},"end":{"line":3,"column":62}}],"line":3},"1":{"loc":{"start":{"line":17,"column":27},"end":{"line":17,"column":68}},"type":"default-arg","locations":[{"start":{"line":17,"column":56},"end":{"line":17,"column":68}}],"line":17},"2":{"loc":{"start":{"line":32,"column":29},"end":{"line":32,"column":74}},"type":"default-arg","locations":[{"start":{"line":32,"column":60},"end":{"line":32,"column":74}}],"line":32},"3":{"loc":{"start":{"line":48,"column":32},"end":{"line":48,"column":83}},"type":"default-arg","locations":[{"start":{"line":48,"column":66},"end":{"line":48,"column":83}}],"line":48},"4":{"loc":{"start":{"line":62,"column":30},"end":{"line":62,"column":77}},"type":"default-arg","locations":[{"start":{"line":62,"column":62},"end":{"line":62,"column":77}}],"line":62},"5":{"loc":{"start":{"line":79,"column":34},"end":{"line":79,"column":89}},"type":"default-arg","locations":[{"start":{"line":79,"column":70},"end":{"line":79,"column":89}}],"line":79}},"s":{"0":50,"1":0,"2":11,"3":9,"4":0,"5":4},"f":{"0":50,"1":0,"2":11,"3":9,"4":0,"5":4},"b":{"0":[50],"1":[0],"2":[11],"3":[9],"4":[0],"5":[4]},"meta":{"lastBranch":6,"lastFunction":6,"lastStatement":6,"seen":{"f:3:16:3:25":0,"b:3:52:3:62":0,"s:4:2:14:Infinity":0,"f:17:16:17:27":1,"b:17:56:17:68":1,"s:18:2:29:Infinity":1,"f:32:16:32:29":2,"b:32:60:32:74":2,"s:33:2:45:Infinity":2,"f:48:16:48:32":3,"b:48:66:48:83":3,"s:49:2:59:Infinity":3,"f:62:16:62:30":4,"b:62:62:62:77":4,"s:63:2:76:Infinity":4,"f:79:16:79:34":5,"b:79:70:79:89":5,"s:80:2:93:Infinity":5}}}
,"/Users/rexgtcoder/Documents/projects/aerobook-web/src/components/AppLayout.vue": {"path":"/Users/rexgtcoder/Documents/projects/aerobook-web/src/components/AppLayout.vue","statementMap":{"0":{"start":{"line":74,"column":6},"end":{"line":74,"column":null}},"1":{"start":{"line":75,"column":6},"end":{"line":75,"column":null}},"2":{"start":{"line":2,"column":7},"end":{"line":2,"column":null}},"3":{"start":{"line":4,"column":11},"end":{"line":4,"column":null}},"4":{"start":{"line":12,"column":11},"end":{"line":12,"column":null}},"5":{"start":{"line":24,"column":11},"end":{"line":24,"column":null}},"6":{"start":{"line":31,"column":13},"end":{"line":31,"column":null}},"7":{"start":{"line":32,"column":13},"end":{"line":32,"column":41}},"8":{"start":{"line":35,"column":13},"end":{"line":35,"column":null}},"9":{"start":{"line":41,"column":11},"end":{"line":41,"column":null}},"10":{"start":{"line":2,"column":2},"end":{"line":66,"column":null}},"11":{"start":{"line":5,"column":42},"end":{"line":5,"column":68}},"12":{"start":{"line":10,"column":74},"end":{"line":10,"column":104}},"13":{"start":{"line":17,"column":46},"end":{"line":17,"column":72}},"14":{"start":{"line":18,"column":46},"end":{"line":18,"column":66}},"15":{"start":{"line":26,"column":45},"end":{"line":26,"column":65}},"16":{"start":{"line":36,"column":58},"end":{"line":36,"column":84}},"17":{"start":{"line":36,"column":84},"end":{"line":36,"column":104}},"18":{"start":{"line":37,"column":58},"end":{"line":37,"column":78}},"19":{"start":{"line":43,"column":55},"end":{"line":43,"column":83}},"20":{"start":{"line":43,"column":83},"end":{"line":43,"column":103}},"21":{"start":{"line":46,"column":89},"end":{"line":46,"column":115}},"22":{"start":{"line":46,"column":115},"end":{"line":46,"column":135}},"23":{"start":{"line":49,"column":90},"end":{"line":49,"column":117}},"24":{"start":{"line":49,"column":117},"end":{"line":49,"column":137}},"25":{"start":{"line":52,"column":55},"end":{"line":52,"column":86}},"26":{"start":{"line":52,"column":86},"end":{"line":52,"column":106}},"27":{"start":{"line":55,"column":55},"end":{"line":55,"column":85}},"28":{"start":{"line":55,"column":85},"end":{"line":55,"column":null}},"29":{"start":{"line":58,"column":89},"end":{"line":58,"column":115}},"30":{"start":{"line":58,"column":115},"end":{"line":58,"column":135}},"31":{"start":{"line":63,"column":59},"end":{"line":63,"column":85}}},"fnMap":{"0":{"name":"(anonymous_0)","decl":{"start":{"line":5,"column":40},"end":{"line":5,"column":42}},"loc":{"start":{"line":5,"column":42},"end":{"line":5,"column":68}},"line":5},"1":{"name":"(anonymous_1)","decl":{"start":{"line":10,"column":72},"end":{"line":10,"column":74}},"loc":{"start":{"line":10,"column":74},"end":{"line":10,"column":104}},"line":10},"2":{"name":"(anonymous_2)","decl":{"start":{"line":17,"column":44},"end":{"line":17,"column":46}},"loc":{"start":{"line":17,"column":46},"end":{"line":17,"column":72}},"line":17},"3":{"name":"(anonymous_3)","decl":{"start":{"line":18,"column":44},"end":{"line":18,"column":46}},"loc":{"start":{"line":18,"column":46},"end":{"line":18,"column":66}},"line":18},"4":{"name":"(anonymous_4)","decl":{"start":{"line":26,"column":43},"end":{"line":26,"column":45}},"loc":{"start":{"line":26,"column":45},"end":{"line":26,"column":65}},"line":26},"5":{"name":"(anonymous_5)","decl":{"start":{"line":36,"column":56},"end":{"line":36,"column":58}},"loc":{"start":{"line":36,"column":56},"end":{"line":36,"column":104}},"line":36},"6":{"name":"(anonymous_6)","decl":{"start":{"line":37,"column":56},"end":{"line":37,"column":58}},"loc":{"start":{"line":37,"column":58},"end":{"line":37,"column":78}},"line":37},"7":{"name":"(anonymous_7)","decl":{"start":{"line":43,"column":53},"end":{"line":43,"column":55}},"loc":{"start":{"line":43,"column":53},"end":{"line":43,"column":103}},"line":43},"8":{"name":"(anonymous_8)","decl":{"start":{"line":46,"column":87},"end":{"line":46,"column":89}},"loc":{"start":{"line":46,"column":87},"end":{"line":46,"column":135}},"line":46},"9":{"name":"(anonymous_9)","decl":{"start":{"line":49,"column":88},"end":{"line":49,"column":90}},"loc":{"start":{"line":49,"column":88},"end":{"line":49,"column":137}},"line":49},"10":{"name":"(anonymous_10)","decl":{"start":{"line":52,"column":53},"end":{"line":52,"column":55}},"loc":{"start":{"line":52,"column":53},"end":{"line":52,"column":106}},"line":52},"11":{"name":"(anonymous_11)","decl":{"start":{"line":55,"column":53},"end":{"line":55,"column":55}},"loc":{"start":{"line":55,"column":53},"end":{"line":55,"column":null}},"line":55},"12":{"name":"(anonymous_12)","decl":{"start":{"line":58,"column":87},"end":{"line":58,"column":89}},"loc":{"start":{"line":58,"column":87},"end":{"line":58,"column":135}},"line":58},"13":{"name":"(anonymous_13)","decl":{"start":{"line":63,"column":57},"end":{"line":63,"column":59}},"loc":{"start":{"line":63,"column":59},"end":{"line":63,"column":85}},"line":63}},"branchMap":{"0":{"loc":{"start":{"line":5,"column":40},"end":{"line":5,"column":68}},"type":"binary-expr","locations":[{"start":{"line":5,"column":40},"end":{"line":5,"column":42}},{"start":{"line":5,"column":40},"end":{"line":5,"column":68}}],"line":5},"1":{"loc":{"start":{"line":5,"column":79},"end":{"line":8,"column":null}},"type":"binary-expr","locations":[{"start":{"line":5,"column":79},"end":{"line":5,"column":null}},{"start":{"line":5,"column":79},"end":{"line":8,"column":null}}],"line":5},"2":{"loc":{"start":{"line":10,"column":72},"end":{"line":10,"column":104}},"type":"binary-expr","locations":[{"start":{"line":10,"column":72},"end":{"line":10,"column":74}},{"start":{"line":10,"column":72},"end":{"line":10,"column":104}}],"line":10},"3":{"loc":{"start":{"line":13,"column":20},"end":{"line":15,"column":104}},"type":"cond-expr","locations":[{"start":{"line":13,"column":30},"end":{"line":15,"column":104}},{"start":{"line":15,"column":94},"end":{"line":15,"column":104}}],"line":13},"4":{"loc":{"start":{"line":17,"column":44},"end":{"line":17,"column":72}},"type":"binary-expr","locations":[{"start":{"line":17,"column":44},"end":{"line":17,"column":46}},{"start":{"line":17,"column":44},"end":{"line":17,"column":72}}],"line":17},"5":{"loc":{"start":{"line":18,"column":44},"end":{"line":18,"column":66}},"type":"binary-expr","locations":[{"start":{"line":18,"column":44},"end":{"line":18,"column":46}},{"start":{"line":18,"column":44},"end":{"line":18,"column":66}}],"line":18},"6":{"loc":{"start":{"line":27,"column":12},"end":{"line":25,"column":46}},"type":"binary-expr","locations":[{"start":{"line":27,"column":12},"end":{"line":27,"column":null}},{"start":{"line":27,"column":12},"end":{"line":25,"column":46}}],"line":27},"7":{"loc":{"start":{"line":26,"column":43},"end":{"line":26,"column":65}},"type":"binary-expr","locations":[{"start":{"line":26,"column":43},"end":{"line":26,"column":45}},{"start":{"line":26,"column":43},"end":{"line":26,"column":65}}],"line":26},"8":{"loc":{"start":{"line":30,"column":17},"end":{"line":37,"column":93}},"type":"cond-expr","locations":[{"start":{"line":30,"column":27},"end":{"line":37,"column":93}}],"line":30},"9":{"loc":{"start":{"line":36,"column":56},"end":{"line":36,"column":104}},"type":"binary-expr","locations":[{"start":{"line":36,"column":56},"end":{"line":36,"column":58}},{"start":{"line":36,"column":56},"end":{"line":36,"column":104}}],"line":36},"10":{"loc":{"start":{"line":37,"column":56},"end":{"line":37,"column":78}},"type":"binary-expr","locations":[{"start":{"line":37,"column":56},"end":{"line":37,"column":58}},{"start":{"line":37,"column":56},"end":{"line":37,"column":78}}],"line":37},"11":{"loc":{"start":{"line":43,"column":53},"end":{"line":43,"column":103}},"type":"binary-expr","locations":[{"start":{"line":43,"column":53},"end":{"line":43,"column":55}},{"start":{"line":43,"column":53},"end":{"line":43,"column":103}}],"line":43},"12":{"loc":{"start":{"line":46,"column":22},"end":{"line":48,"column":17}},"type":"cond-expr","locations":[{"start":{"line":46,"column":32},"end":{"line":48,"column":17}},{"start":{"line":48,"column":8},"end":{"line":48,"column":17}}],"line":46},"13":{"loc":{"start":{"line":46,"column":87},"end":{"line":46,"column":135}},"type":"binary-expr","locations":[{"start":{"line":46,"column":87},"end":{"line":46,"column":89}},{"start":{"line":46,"column":87},"end":{"line":46,"column":135}}],"line":46},"14":{"loc":{"start":{"line":49,"column":22},"end":{"line":51,"column":17}},"type":"cond-expr","locations":[{"start":{"line":49,"column":32},"end":{"line":51,"column":17}},{"start":{"line":51,"column":8},"end":{"line":51,"column":17}}],"line":49},"15":{"loc":{"start":{"line":49,"column":88},"end":{"line":49,"column":137}},"type":"binary-expr","locations":[{"start":{"line":49,"column":88},"end":{"line":49,"column":90}},{"start":{"line":49,"column":88},"end":{"line":49,"column":137}}],"line":49},"16":{"loc":{"start":{"line":52,"column":53},"end":{"line":52,"column":106}},"type":"binary-expr","locations":[{"start":{"line":52,"column":53},"end":{"line":52,"column":55}},{"start":{"line":52,"column":53},"end":{"line":52,"column":106}}],"line":52},"17":{"loc":{"start":{"line":55,"column":53},"end":{"line":55,"column":null}},"type":"binary-expr","locations":[{"start":{"line":55,"column":53},"end":{"line":55,"column":55}},{"start":{"line":55,"column":53},"end":{"line":55,"column":null}}],"line":55},"18":{"loc":{"start":{"line":56,"column":13},"end":{"line":56,"column":null}},"type":"cond-expr","locations":[{"start":{"line":56,"column":54},"end":{"line":56,"column":null}},{"start":{"line":56,"column":54},"end":{"line":56,"column":null}}],"line":56},"19":{"loc":{"start":{"line":56,"column":13},"end":{"line":56,"column":54}},"type":"binary-expr","locations":[{"start":{"line":56,"column":13},"end":{"line":56,"column":34}},{"start":{"line":56,"column":34},"end":{"line":56,"column":54}}],"line":56},"20":{"loc":{"start":{"line":58,"column":22},"end":{"line":60,"column":17}},"type":"cond-expr","locations":[{"start":{"line":58,"column":32},"end":{"line":60,"column":17}},{"start":{"line":60,"column":8},"end":{"line":60,"column":17}}],"line":58},"21":{"loc":{"start":{"line":58,"column":87},"end":{"line":58,"column":135}},"type":"binary-expr","locations":[{"start":{"line":58,"column":87},"end":{"line":58,"column":89}},{"start":{"line":58,"column":87},"end":{"line":58,"column":135}}],"line":58},"22":{"loc":{"start":{"line":63,"column":15},"end":{"line":63,"column":85}},"type":"cond-expr","locations":[{"start":{"line":63,"column":15},"end":{"line":63,"column":85}},{"start":{"line":63,"column":69},"end":{"line":63,"column":85}}],"line":63},"23":{"loc":{"start":{"line":63,"column":57},"end":{"line":63,"column":85}},"type":"binary-expr","locations":[{"start":{"line":63,"column":57},"end":{"line":63,"column":59}},{"start":{"line":63,"column":57},"end":{"line":63,"column":85}}],"line":63}},"s":{"0":19,"1":19,"2":3,"3":3,"4":3,"5":3,"6":3,"7":3,"8":3,"9":3,"10":32,"11":1,"12":0,"13":0,"14":0,"15":1,"16":0,"17":0,"18":0,"19":0,"20":0,"21":0,"22":0,"23":0,"24":0,"25":0,"26":0,"27":0,"28":0,"29":0,"30":0,"31":0},"f":{"0":1,"1":0,"2":0,"3":0,"4":1,"5":0,"6":0,"7":0,"8":0,"9":0,"10":0,"11":0,"12":0,"13":0},"b":{"0":[32,19],"1":[32,19],"2":[32,19],"3":[32,0],"4":[32,19],"5":[32,19],"6":[32,19],"7":[32,19],"8":[32],"9":[32,19],"10":[32,19],"11":[32,19],"12":[10,22],"13":[10,6],"14":[15,17],"15":[15,9],"16":[32,19],"17":[32,19],"18":[15,17],"19":[32,22],"20":[15,17],"21":[15,9],"22":[1,31],"23":[1,1]},"meta":{"lastBranch":0,"lastFunction":0,"lastStatement":0,"seen":{}}}
,"/Users/rexgtcoder/Documents/projects/aerobook-web/src/services/api.ts": {"path":"/Users/rexgtcoder/Documents/projects/aerobook-web/src/services/api.ts","statementMap":{"0":{"start":{"line":12,"column":16},"end":{"line":12,"column":null}},"1":{"start":{"line":14,"column":12},"end":{"line":20,"column":null}},"2":{"start":{"line":23,"column":0},"end":{"line":29,"column":null}},"3":{"start":{"line":24,"column":16},"end":{"line":24,"column":null}},"4":{"start":{"line":25,"column":2},"end":{"line":27,"column":null}},"5":{"start":{"line":26,"column":4},"end":{"line":26,"column":null}},"6":{"start":{"line":28,"column":2},"end":{"line":28,"column":null}},"7":{"start":{"line":32,"column":23},"end":{"line":53,"column":null}},"8":{"start":{"line":34,"column":4},"end":{"line":34,"column":null}},"9":{"start":{"line":37,"column":4},"end":{"line":37,"column":null}},"10":{"start":{"line":46,"column":8},"end":{"line":46,"column":null}},"11":{"start":{"line":49,"column":4},"end":{"line":49,"column":null}},"12":{"start":{"line":52,"column":4},"end":{"line":52,"column":null}},"13":{"start":{"line":56,"column":26},"end":{"line":71,"column":null}},"14":{"start":{"line":57,"column":16},"end":{"line":57,"column":null}},"15":{"start":{"line":58,"column":27},"end":{"line":58,"column":null}},"16":{"start":{"line":68,"column":8},"end":{"line":68,"column":null}},"17":{"start":{"line":69,"column":49},"end":{"line":69,"column":null}},"18":{"start":{"line":70,"column":26},"end":{"line":70,"column":null}},"19":{"start":{"line":74,"column":27},"end":{"line":80,"column":null}},"20":{"start":{"line":75,"column":16},"end":{"line":75,"column":null}},"21":{"start":{"line":76,"column":27},"end":{"line":76,"column":null}},"22":{"start":{"line":77,"column":39},"end":{"line":77,"column":null}},"23":{"start":{"line":78,"column":51},"end":{"line":78,"column":null}},"24":{"start":{"line":79,"column":26},"end":{"line":79,"column":null}},"25":{"start":{"line":83,"column":31},"end":{"line":89,"column":null}},"26":{"start":{"line":84,"column":16},"end":{"line":84,"column":null}},"27":{"start":{"line":85,"column":27},"end":{"line":85,"column":null}},"28":{"start":{"line":86,"column":42},"end":{"line":86,"column":null}},"29":{"start":{"line":87,"column":54},"end":{"line":87,"column":null}},"30":{"start":{"line":88,"column":26},"end":{"line":88,"column":null}},"31":{"start":{"line":92,"column":29},"end":{"line":98,"column":null}},"32":{"start":{"line":93,"column":16},"end":{"line":93,"column":null}},"33":{"start":{"line":94,"column":27},"end":{"line":94,"column":null}},"34":{"start":{"line":95,"column":40},"end":{"line":95,"column":null}},"35":{"start":{"line":96,"column":52},"end":{"line":96,"column":null}},"36":{"start":{"line":97,"column":26},"end":{"line":97,"column":null}},"37":{"start":{"line":101,"column":26},"end":{"line":107,"column":null}},"38":{"start":{"line":102,"column":16},"end":{"line":102,"column":null}},"39":{"start":{"line":103,"column":37},"end":{"line":103,"column":null}},"40":{"start":{"line":104,"column":28},"end":{"line":104,"column":null}},"41":{"start":{"line":105,"column":36},"end":{"line":105,"column":null}},"42":{"start":{"line":106,"column":26},"end":{"line":106,"column":null}}},"fnMap":{"0":{"name":"(anonymous_0)","decl":{"start":{"line":23,"column":29},"end":{"line":23,"column":30}},"loc":{"start":{"line":23,"column":41},"end":{"line":29,"column":1}},"line":23},"1":{"name":"(anonymous_1)","decl":{"start":{"line":33,"column":9},"end":{"line":33,"column":10}},"loc":{"start":{"line":34,"column":4},"end":{"line":34,"column":null}},"line":34},"2":{"name":"(anonymous_2)","decl":{"start":{"line":36,"column":14},"end":{"line":36,"column":null}},"loc":{"start":{"line":37,"column":4},"end":{"line":37,"column":null}},"line":37},"3":{"name":"(anonymous_3)","decl":{"start":{"line":39,"column":17},"end":{"line":39,"column":18}},"loc":{"start":{"line":46,"column":8},"end":{"line":46,"column":null}},"line":46},"4":{"name":"(anonymous_4)","decl":{"start":{"line":48,"column":18},"end":{"line":48,"column":19}},"loc":{"start":{"line":49,"column":4},"end":{"line":49,"column":null}},"line":49},"5":{"name":"(anonymous_5)","decl":{"start":{"line":51,"column":17},"end":{"line":51,"column":18}},"loc":{"start":{"line":52,"column":4},"end":{"line":52,"column":null}},"line":52},"6":{"name":"(anonymous_6)","decl":{"start":{"line":57,"column":10},"end":{"line":57,"column":16}},"loc":{"start":{"line":57,"column":16},"end":{"line":57,"column":null}},"line":57},"7":{"name":"(anonymous_7)","decl":{"start":{"line":58,"column":11},"end":{"line":58,"column":12}},"loc":{"start":{"line":58,"column":27},"end":{"line":58,"column":null}},"line":58},"8":{"name":"(anonymous_8)","decl":{"start":{"line":59,"column":10},"end":{"line":59,"column":11}},"loc":{"start":{"line":68,"column":8},"end":{"line":68,"column":null}},"line":68},"9":{"name":"(anonymous_9)","decl":{"start":{"line":69,"column":10},"end":{"line":69,"column":11}},"loc":{"start":{"line":69,"column":49},"end":{"line":69,"column":null}},"line":69},"10":{"name":"(anonymous_10)","decl":{"start":{"line":70,"column":10},"end":{"line":70,"column":11}},"loc":{"start":{"line":70,"column":26},"end":{"line":70,"column":null}},"line":70},"11":{"name":"(anonymous_11)","decl":{"start":{"line":75,"column":10},"end":{"line":75,"column":16}},"loc":{"start":{"line":75,"column":16},"end":{"line":75,"column":null}},"line":75},"12":{"name":"(anonymous_12)","decl":{"start":{"line":76,"column":11},"end":{"line":76,"column":12}},"loc":{"start":{"line":76,"column":27},"end":{"line":76,"column":null}},"line":76},"13":{"name":"(anonymous_13)","decl":{"start":{"line":77,"column":10},"end":{"line":77,"column":11}},"loc":{"start":{"line":77,"column":39},"end":{"line":77,"column":null}},"line":77},"14":{"name":"(anonymous_14)","decl":{"start":{"line":78,"column":10},"end":{"line":78,"column":11}},"loc":{"start":{"line":78,"column":51},"end":{"line":78,"column":null}},"line":78},"15":{"name":"(anonymous_15)","decl":{"start":{"line":79,"column":10},"end":{"line":79,"column":11}},"loc":{"start":{"line":79,"column":26},"end":{"line":79,"column":null}},"line":79},"16":{"name":"(anonymous_16)","decl":{"start":{"line":84,"column":10},"end":{"line":84,"column":16}},"loc":{"start":{"line":84,"column":16},"end":{"line":84,"column":null}},"line":84},"17":{"name":"(anonymous_17)","decl":{"start":{"line":85,"column":11},"end":{"line":85,"column":12}},"loc":{"start":{"line":85,"column":27},"end":{"line":85,"column":null}},"line":85},"18":{"name":"(anonymous_18)","decl":{"start":{"line":86,"column":10},"end":{"line":86,"column":11}},"loc":{"start":{"line":86,"column":42},"end":{"line":86,"column":null}},"line":86},"19":{"name":"(anonymous_19)","decl":{"start":{"line":87,"column":10},"end":{"line":87,"column":11}},"loc":{"start":{"line":87,"column":54},"end":{"line":87,"column":null}},"line":87},"20":{"name":"(anonymous_20)","decl":{"start":{"line":88,"column":10},"end":{"line":88,"column":11}},"loc":{"start":{"line":88,"column":26},"end":{"line":88,"column":null}},"line":88},"21":{"name":"(anonymous_21)","decl":{"start":{"line":93,"column":10},"end":{"line":93,"column":16}},"loc":{"start":{"line":93,"column":16},"end":{"line":93,"column":null}},"line":93},"22":{"name":"(anonymous_22)","decl":{"start":{"line":94,"column":11},"end":{"line":94,"column":12}},"loc":{"start":{"line":94,"column":27},"end":{"line":94,"column":null}},"line":94},"23":{"name":"(anonymous_23)","decl":{"start":{"line":95,"column":10},"end":{"line":95,"column":11}},"loc":{"start":{"line":95,"column":40},"end":{"line":95,"column":null}},"line":95},"24":{"name":"(anonymous_24)","decl":{"start":{"line":96,"column":10},"end":{"line":96,"column":11}},"loc":{"start":{"line":96,"column":52},"end":{"line":96,"column":null}},"line":96},"25":{"name":"(anonymous_25)","decl":{"start":{"line":97,"column":10},"end":{"line":97,"column":11}},"loc":{"start":{"line":97,"column":26},"end":{"line":97,"column":null}},"line":97},"26":{"name":"(anonymous_26)","decl":{"start":{"line":102,"column":10},"end":{"line":102,"column":16}},"loc":{"start":{"line":102,"column":16},"end":{"line":102,"column":null}},"line":102},"27":{"name":"(anonymous_27)","decl":{"start":{"line":103,"column":12},"end":{"line":103,"column":13}},"loc":{"start":{"line":103,"column":37},"end":{"line":103,"column":null}},"line":103},"28":{"name":"(anonymous_28)","decl":{"start":{"line":104,"column":12},"end":{"line":104,"column":13}},"loc":{"start":{"line":104,"column":28},"end":{"line":104,"column":null}},"line":104},"29":{"name":"(anonymous_29)","decl":{"start":{"line":105,"column":14},"end":{"line":105,"column":15}},"loc":{"start":{"line":105,"column":36},"end":{"line":105,"column":null}},"line":105},"30":{"name":"(anonymous_30)","decl":{"start":{"line":106,"column":10},"end":{"line":106,"column":11}},"loc":{"start":{"line":106,"column":26},"end":{"line":106,"column":null}},"line":106}},"branchMap":{"0":{"loc":{"start":{"line":12,"column":16},"end":{"line":12,"column":null}},"type":"binary-expr","locations":[{"start":{"line":12,"column":16},"end":{"line":12,"column":48}},{"start":{"line":12,"column":48},"end":{"line":12,"column":null}}],"line":12},"1":{"loc":{"start":{"line":25,"column":2},"end":{"line":27,"column":null}},"type":"if","locations":[{"start":{"line":25,"column":2},"end":{"line":27,"column":null}},{"start":{},"end":{}}],"line":25}},"s":{"0":2,"1":2,"2":2,"3":2,"4":2,"5":1,"6":2,"7":2,"8":1,"9":1,"10":1,"11":0,"12":1,"13":2,"14":1,"15":1,"16":1,"17":1,"18":1,"19":2,"20":1,"21":0,"22":1,"23":0,"24":1,"25":2,"26":1,"27":0,"28":1,"29":0,"30":1,"31":2,"32":1,"33":0,"34":1,"35":0,"36":0,"37":2,"38":1,"39":1,"40":1,"41":1,"42":1},"f":{"0":2,"1":1,"2":1,"3":1,"4":0,"5":1,"6":1,"7":1,"8":1,"9":1,"10":1,"11":1,"12":0,"13":1,"14":0,"15":1,"16":1,"17":0,"18":1,"19":0,"20":1,"21":1,"22":0,"23":1,"24":0,"25":0,"26":1,"27":1,"28":1,"29":1,"30":1},"b":{"0":[2,2],"1":[1,1]},"meta":{"lastBranch":2,"lastFunction":31,"lastStatement":43,"seen":{"s:12:16:12:Infinity":0,"b:12:16:12:48:12:48:12:Infinity":0,"s:14:12:20:Infinity":1,"s:23:0:29:Infinity":2,"f:23:29:23:30":0,"s:24:16:24:Infinity":3,"b:25:2:27:Infinity:undefined:undefined:undefined:undefined":1,"s:25:2:27:Infinity":4,"s:26:4:26:Infinity":5,"s:28:2:28:Infinity":6,"s:32:23:53:Infinity":7,"f:33:9:33:10":1,"s:34:4:34:Infinity":8,"f:36:14:36:Infinity":2,"s:37:4:37:Infinity":9,"f:39:17:39:18":3,"s:46:8:46:Infinity":10,"f:48:18:48:19":4,"s:49:4:49:Infinity":11,"f:51:17:51:18":5,"s:52:4:52:Infinity":12,"s:56:26:71:Infinity":13,"f:57:10:57:16":6,"s:57:16:57:Infinity":14,"f:58:11:58:12":7,"s:58:27:58:Infinity":15,"f:59:10:59:11":8,"s:68:8:68:Infinity":16,"f:69:10:69:11":9,"s:69:49:69:Infinity":17,"f:70:10:70:11":10,"s:70:26:70:Infinity":18,"s:74:27:80:Infinity":19,"f:75:10:75:16":11,"s:75:16:75:Infinity":20,"f:76:11:76:12":12,"s:76:27:76:Infinity":21,"f:77:10:77:11":13,"s:77:39:77:Infinity":22,"f:78:10:78:11":14,"s:78:51:78:Infinity":23,"f:79:10:79:11":15,"s:79:26:79:Infinity":24,"s:83:31:89:Infinity":25,"f:84:10:84:16":16,"s:84:16:84:Infinity":26,"f:85:11:85:12":17,"s:85:27:85:Infinity":27,"f:86:10:86:11":18,"s:86:42:86:Infinity":28,"f:87:10:87:11":19,"s:87:54:87:Infinity":29,"f:88:10:88:11":20,"s:88:26:88:Infinity":30,"s:92:29:98:Infinity":31,"f:93:10:93:16":21,"s:93:16:93:Infinity":32,"f:94:11:94:12":22,"s:94:27:94:Infinity":33,"f:95:10:95:11":23,"s:95:40:95:Infinity":34,"f:96:10:96:11":24,"s:96:52:96:Infinity":35,"f:97:10:97:11":25,"s:97:26:97:Infinity":36,"s:101:26:107:Infinity":37,"f:102:10:102:16":26,"s:102:16:102:Infinity":38,"f:103:12:103:13":27,"s:103:37:103:Infinity":39,"f:104:12:104:13":28,"s:104:28:104:Infinity":40,"f:105:14:105:15":29,"s:105:36:105:Infinity":41,"f:106:10:106:11":30,"s:106:26:106:Infinity":42}}}
,"/Users/rexgtcoder/Documents/projects/aerobook-web/src/stores/auth.ts": {"path":"/Users/rexgtcoder/Documents/projects/aerobook-web/src/stores/auth.ts","statementMap":{"0":{"start":{"line":7,"column":13},"end":{"line":75,"column":null}},"1":{"start":{"line":8,"column":8},"end":{"line":8,"column":null}},"2":{"start":{"line":9,"column":8},"end":{"line":9,"column":null}},"3":{"start":{"line":10,"column":8},"end":{"line":10,"column":null}},"4":{"start":{"line":12,"column":8},"end":{"line":12,"column":null}},"5":{"start":{"line":12,"column":41},"end":{"line":12,"column":70}},"6":{"start":{"line":13,"column":8},"end":{"line":13,"column":null}},"7":{"start":{"line":13,"column":34},"end":{"line":13,"column":58}},"8":{"start":{"line":16,"column":8},"end":{"line":16,"column":null}},"9":{"start":{"line":16,"column":33},"end":{"line":16,"column":61}},"10":{"start":{"line":17,"column":8},"end":{"line":17,"column":null}},"11":{"start":{"line":17,"column":36},"end":{"line":17,"column":67}},"12":{"start":{"line":18,"column":8},"end":{"line":18,"column":null}},"13":{"start":{"line":18,"column":34},"end":{"line":18,"column":63}},"14":{"start":{"line":21,"column":8},"end":{"line":21,"column":null}},"15":{"start":{"line":21,"column":42},"end":{"line":21,"column":55}},"16":{"start":{"line":22,"column":8},"end":{"line":22,"column":null}},"17":{"start":{"line":22,"column":43},"end":{"line":22,"column":76}},"18":{"start":{"line":23,"column":8},"end":{"line":23,"column":null}},"19":{"start":{"line":23,"column":47},"end":{"line":23,"column":80}},"20":{"start":{"line":24,"column":8},"end":{"line":24,"column":null}},"21":{"start":{"line":24,"column":42},"end":{"line":24,"column":75}},"22":{"start":{"line":25,"column":8},"end":{"line":25,"column":null}},"23":{"start":{"line":25,"column":40},"end":{"line":25,"column":61}},"24":{"start":{"line":28,"column":21},"end":{"line":28,"column":null}},"25":{"start":{"line":29,"column":4},"end":{"line":29,"column":null}},"26":{"start":{"line":30,"column":4},"end":{"line":30,"column":null}},"27":{"start":{"line":31,"column":4},"end":{"line":31,"column":null}},"28":{"start":{"line":32,"column":4},"end":{"line":32,"column":null}},"29":{"start":{"line":36,"column":4},"end":{"line":43,"column":null}},"30":{"start":{"line":37,"column":23},"end":{"line":37,"column":null}},"31":{"start":{"line":38,"column":6},"end":{"line":38,"column":null}},"32":{"start":{"line":40,"column":6},"end":{"line":40,"column":null}},"33":{"start":{"line":41,"column":6},"end":{"line":41,"column":null}},"34":{"start":{"line":41,"column":24},"end":{"line":41,"column":null}},"35":{"start":{"line":42,"column":6},"end":{"line":42,"column":null}},"36":{"start":{"line":47,"column":4},"end":{"line":47,"column":null}},"37":{"start":{"line":48,"column":4},"end":{"line":48,"column":null}},"38":{"start":{"line":49,"column":4},"end":{"line":49,"column":null}},"39":{"start":{"line":50,"column":4},"end":{"line":50,"column":null}},"40":{"start":{"line":54,"column":2},"end":{"line":56,"column":null}},"41":{"start":{"line":55,"column":4},"end":{"line":55,"column":null}},"42":{"start":{"line":58,"column":2},"end":{"line":74,"column":null}}},"fnMap":{"0":{"name":"(anonymous_0)","decl":{"start":{"line":7,"column":48},"end":{"line":7,"column":54}},"loc":{"start":{"line":7,"column":54},"end":{"line":75,"column":1}},"line":7},"1":{"name":"(anonymous_1)","decl":{"start":{"line":12,"column":35},"end":{"line":12,"column":41}},"loc":{"start":{"line":12,"column":41},"end":{"line":12,"column":70}},"line":12},"2":{"name":"(anonymous_2)","decl":{"start":{"line":13,"column":28},"end":{"line":13,"column":34}},"loc":{"start":{"line":13,"column":34},"end":{"line":13,"column":58}},"line":13},"3":{"name":"(anonymous_3)","decl":{"start":{"line":16,"column":27},"end":{"line":16,"column":33}},"loc":{"start":{"line":16,"column":33},"end":{"line":16,"column":61}},"line":16},"4":{"name":"(anonymous_4)","decl":{"start":{"line":17,"column":30},"end":{"line":17,"column":36}},"loc":{"start":{"line":17,"column":36},"end":{"line":17,"column":67}},"line":17},"5":{"name":"(anonymous_5)","decl":{"start":{"line":18,"column":28},"end":{"line":18,"column":34}},"loc":{"start":{"line":18,"column":34},"end":{"line":18,"column":63}},"line":18},"6":{"name":"(anonymous_6)","decl":{"start":{"line":21,"column":36},"end":{"line":21,"column":42}},"loc":{"start":{"line":21,"column":42},"end":{"line":21,"column":55}},"line":21},"7":{"name":"(anonymous_7)","decl":{"start":{"line":22,"column":37},"end":{"line":22,"column":43}},"loc":{"start":{"line":22,"column":43},"end":{"line":22,"column":76}},"line":22},"8":{"name":"(anonymous_8)","decl":{"start":{"line":23,"column":41},"end":{"line":23,"column":47}},"loc":{"start":{"line":23,"column":47},"end":{"line":23,"column":80}},"line":23},"9":{"name":"(anonymous_9)","decl":{"start":{"line":24,"column":36},"end":{"line":24,"column":42}},"loc":{"start":{"line":24,"column":42},"end":{"line":24,"column":75}},"line":24},"10":{"name":"(anonymous_10)","decl":{"start":{"line":25,"column":34},"end":{"line":25,"column":40}},"loc":{"start":{"line":25,"column":40},"end":{"line":25,"column":61}},"line":25},"11":{"name":"login","decl":{"start":{"line":27,"column":17},"end":{"line":27,"column":23}},"loc":{"start":{"line":27,"column":56},"end":{"line":33,"column":null}},"line":27},"12":{"name":"loadProfile","decl":{"start":{"line":35,"column":17},"end":{"line":35,"column":29}},"loc":{"start":{"line":35,"column":50},"end":{"line":44,"column":null}},"line":35},"13":{"name":"logout","decl":{"start":{"line":46,"column":11},"end":{"line":46,"column":20}},"loc":{"start":{"line":46,"column":20},"end":{"line":51,"column":null}},"line":46}},"branchMap":{"0":{"loc":{"start":{"line":12,"column":41},"end":{"line":12,"column":70}},"type":"binary-expr","locations":[{"start":{"line":12,"column":41},"end":{"line":12,"column":58}},{"start":{"line":12,"column":58},"end":{"line":12,"column":70}}],"line":12},"1":{"loc":{"start":{"line":13,"column":34},"end":{"line":13,"column":58}},"type":"binary-expr","locations":[{"start":{"line":13,"column":34},"end":{"line":13,"column":54}},{"start":{"line":13,"column":54},"end":{"line":13,"column":58}}],"line":13},"2":{"loc":{"start":{"line":22,"column":43},"end":{"line":22,"column":76}},"type":"binary-expr","locations":[{"start":{"line":22,"column":43},"end":{"line":22,"column":60}},{"start":{"line":22,"column":60},"end":{"line":22,"column":76}}],"line":22},"3":{"loc":{"start":{"line":23,"column":47},"end":{"line":23,"column":80}},"type":"binary-expr","locations":[{"start":{"line":23,"column":47},"end":{"line":23,"column":64}},{"start":{"line":23,"column":64},"end":{"line":23,"column":80}}],"line":23},"4":{"loc":{"start":{"line":24,"column":42},"end":{"line":24,"column":75}},"type":"binary-expr","locations":[{"start":{"line":24,"column":42},"end":{"line":24,"column":59}},{"start":{"line":24,"column":59},"end":{"line":24,"column":75}}],"line":24},"5":{"loc":{"start":{"line":35,"column":29},"end":{"line":35,"column":50}},"type":"default-arg","locations":[{"start":{"line":35,"column":44},"end":{"line":35,"column":50}}],"line":35},"6":{"loc":{"start":{"line":41,"column":6},"end":{"line":41,"column":null}},"type":"if","locations":[{"start":{"line":41,"column":6},"end":{"line":41,"column":null}},{"start":{},"end":{}}],"line":41},"7":{"loc":{"start":{"line":54,"column":2},"end":{"line":56,"column":null}},"type":"if","locations":[{"start":{"line":54,"column":2},"end":{"line":56,"column":null}},{"start":{},"end":{}}],"line":54}},"s":{"0":6,"1":67,"2":67,"3":67,"4":67,"5":15,"6":67,"7":19,"8":67,"9":36,"10":67,"11":22,"12":67,"13":3,"14":67,"15":21,"16":67,"17":22,"18":67,"19":3,"20":67,"21":22,"22":67,"23":2,"24":5,"25":4,"26":4,"27":4,"28":4,"29":9,"30":9,"31":7,"32":2,"33":2,"34":1,"35":2,"36":3,"37":3,"38":3,"39":3,"40":67,"41":2,"42":67},"f":{"0":67,"1":15,"2":19,"3":36,"4":22,"5":3,"6":21,"7":22,"8":3,"9":22,"10":2,"11":5,"12":9,"13":3},"b":{"0":[15,9],"1":[19,0],"2":[22,15],"3":[3,2],"4":[22,15],"5":[9],"6":[1,1],"7":[2,65]},"meta":{"lastBranch":8,"lastFunction":14,"lastStatement":43,"seen":{"s:7:13:75:Infinity":0,"f:7:48:7:54":0,"s:8:8:8:Infinity":1,"s:9:8:9:Infinity":2,"s:10:8:10:Infinity":3,"s:12:8:12:Infinity":4,"f:12:35:12:41":1,"s:12:41:12:70":5,"b:12:41:12:58:12:58:12:70":0,"s:13:8:13:Infinity":6,"f:13:28:13:34":2,"s:13:34:13:58":7,"b:13:34:13:54:13:54:13:58":1,"s:16:8:16:Infinity":8,"f:16:27:16:33":3,"s:16:33:16:61":9,"s:17:8:17:Infinity":10,"f:17:30:17:36":4,"s:17:36:17:67":11,"s:18:8:18:Infinity":12,"f:18:28:18:34":5,"s:18:34:18:63":13,"s:21:8:21:Infinity":14,"f:21:36:21:42":6,"s:21:42:21:55":15,"s:22:8:22:Infinity":16,"f:22:37:22:43":7,"s:22:43:22:76":17,"b:22:43:22:60:22:60:22:76":2,"s:23:8:23:Infinity":18,"f:23:41:23:47":8,"s:23:47:23:80":19,"b:23:47:23:64:23:64:23:80":3,"s:24:8:24:Infinity":20,"f:24:36:24:42":9,"s:24:42:24:75":21,"b:24:42:24:59:24:59:24:75":4,"s:25:8:25:Infinity":22,"f:25:34:25:40":10,"s:25:40:25:61":23,"f:27:17:27:23":11,"s:28:21:28:Infinity":24,"s:29:4:29:Infinity":25,"s:30:4:30:Infinity":26,"s:31:4:31:Infinity":27,"s:32:4:32:Infinity":28,"f:35:17:35:29":12,"b:35:44:35:50":5,"s:36:4:43:Infinity":29,"s:37:23:37:Infinity":30,"s:38:6:38:Infinity":31,"s:40:6:40:Infinity":32,"b:41:6:41:Infinity:undefined:undefined:undefined:undefined":6,"s:41:6:41:Infinity":33,"s:41:24:41:Infinity":34,"s:42:6:42:Infinity":35,"f:46:11:46:20":13,"s:47:4:47:Infinity":36,"s:48:4:48:Infinity":37,"s:49:4:49:Infinity":38,"s:50:4:50:Infinity":39,"b:54:2:56:Infinity:undefined:undefined:undefined:undefined":7,"s:54:2:56:Infinity":40,"s:55:4:55:Infinity":41,"s:58:2:74:Infinity":42}}}
,"/Users/rexgtcoder/Documents/projects/aerobook-web/src/utils/reservations.ts": {"path":"/Users/rexgtcoder/Documents/projects/aerobook-web/src/utils/reservations.ts","statementMap":{"0":{"start":{"line":2,"column":12},"end":{"line":2,"column":null}},"1":{"start":{"line":3,"column":17},"end":{"line":3,"column":null}},"2":{"start":{"line":4,"column":2},"end":{"line":4,"column":null}},"3":{"start":{"line":5,"column":2},"end":{"line":9,"column":null}},"4":{"start":{"line":6,"column":16},"end":{"line":6,"column":null}},"5":{"start":{"line":7,"column":4},"end":{"line":7,"column":null}},"6":{"start":{"line":8,"column":4},"end":{"line":8,"column":null}},"7":{"start":{"line":13,"column":2},"end":{"line":16,"column":null}},"8":{"start":{"line":21,"column":12},"end":{"line":21,"column":null}},"9":{"start":{"line":22,"column":2},"end":{"line":22,"column":null}},"10":{"start":{"line":23,"column":2},"end":{"line":23,"column":null}},"11":{"start":{"line":27,"column":2},"end":{"line":27,"column":null}},"12":{"start":{"line":27,"column":18},"end":{"line":27,"column":null}},"13":{"start":{"line":28,"column":2},"end":{"line":28,"column":null}},"14":{"start":{"line":28,"column":19},"end":{"line":28,"column":null}},"15":{"start":{"line":29,"column":2},"end":{"line":29,"column":null}},"16":{"start":{"line":33,"column":2},"end":{"line":33,"column":null}},"17":{"start":{"line":37,"column":2},"end":{"line":39,"column":null}},"18":{"start":{"line":43,"column":14},"end":{"line":43,"column":null}},"19":{"start":{"line":43,"column":29},"end":{"line":43,"column":null}},"20":{"start":{"line":44,"column":2},"end":{"line":44,"column":null}},"21":{"start":{"line":48,"column":21},"end":{"line":48,"column":null}},"22":{"start":{"line":49,"column":2},"end":{"line":52,"column":null}},"23":{"start":{"line":57,"column":2},"end":{"line":59,"column":null}},"24":{"start":{"line":58,"column":4},"end":{"line":58,"column":null}},"25":{"start":{"line":60,"column":2},"end":{"line":62,"column":null}},"26":{"start":{"line":61,"column":4},"end":{"line":61,"column":null}},"27":{"start":{"line":63,"column":2},"end":{"line":63,"column":null}},"28":{"start":{"line":67,"column":15},"end":{"line":67,"column":null}},"29":{"start":{"line":68,"column":2},"end":{"line":70,"column":null}},"30":{"start":{"line":69,"column":4},"end":{"line":69,"column":null}},"31":{"start":{"line":71,"column":2},"end":{"line":71,"column":null}}},"fnMap":{"0":{"name":"getWeekDays","decl":{"start":{"line":1,"column":16},"end":{"line":1,"column":28}},"loc":{"start":{"line":1,"column":48},"end":{"line":10,"column":null}},"line":1},"1":{"name":"(anonymous_1)","decl":{"start":{"line":5,"column":35},"end":{"line":5,"column":36}},"loc":{"start":{"line":5,"column":45},"end":{"line":9,"column":3}},"line":5},"2":{"name":"sameDay","decl":{"start":{"line":12,"column":16},"end":{"line":12,"column":24}},"loc":{"start":{"line":12,"column":51},"end":{"line":18,"column":null}},"line":12},"3":{"name":"stripTime","decl":{"start":{"line":20,"column":16},"end":{"line":20,"column":26}},"loc":{"start":{"line":20,"column":44},"end":{"line":24,"column":null}},"line":20},"4":{"name":"formatHour","decl":{"start":{"line":26,"column":16},"end":{"line":26,"column":27}},"loc":{"start":{"line":26,"column":49},"end":{"line":30,"column":null}},"line":26},"5":{"name":"formatTime","decl":{"start":{"line":32,"column":16},"end":{"line":32,"column":27}},"loc":{"start":{"line":32,"column":54},"end":{"line":34,"column":null}},"line":32},"6":{"name":"formatDate","decl":{"start":{"line":36,"column":16},"end":{"line":36,"column":27}},"loc":{"start":{"line":36,"column":54},"end":{"line":40,"column":null}},"line":36},"7":{"name":"toDatetimeLocal","decl":{"start":{"line":42,"column":16},"end":{"line":42,"column":32}},"loc":{"start":{"line":42,"column":52},"end":{"line":45,"column":null}},"line":42},"8":{"name":"(anonymous_8)","decl":{"start":{"line":43,"column":14},"end":{"line":43,"column":15}},"loc":{"start":{"line":43,"column":29},"end":{"line":43,"column":null}},"line":43},"9":{"name":"extractApiError","decl":{"start":{"line":47,"column":16},"end":{"line":47,"column":32}},"loc":{"start":{"line":47,"column":56},"end":{"line":54,"column":null}},"line":47},"10":{"name":"validateReservationTimes","decl":{"start":{"line":56,"column":16},"end":{"line":56,"column":41}},"loc":{"start":{"line":56,"column":85},"end":{"line":64,"column":null}},"line":56},"11":{"name":"toUTCISOString","decl":{"start":{"line":66,"column":16},"end":{"line":66,"column":31}},"loc":{"start":{"line":66,"column":62},"end":{"line":72,"column":null}},"line":66}},"branchMap":{"0":{"loc":{"start":{"line":14,"column":4},"end":{"line":16,"column":null}},"type":"binary-expr","locations":[{"start":{"line":14,"column":4},"end":{"line":14,"column":null}},{"start":{"line":15,"column":4},"end":{"line":15,"column":null}},{"start":{"line":16,"column":4},"end":{"line":16,"column":null}}],"line":14},"1":{"loc":{"start":{"line":27,"column":2},"end":{"line":27,"column":null}},"type":"if","locations":[{"start":{"line":27,"column":2},"end":{"line":27,"column":null}},{"start":{},"end":{}}],"line":27},"2":{"loc":{"start":{"line":28,"column":2},"end":{"line":28,"column":null}},"type":"if","locations":[{"start":{"line":28,"column":2},"end":{"line":28,"column":null}},{"start":{},"end":{}}],"line":28},"3":{"loc":{"start":{"line":29,"column":9},"end":{"line":29,"column":null}},"type":"cond-expr","locations":[{"start":{"line":29,"column":21},"end":{"line":29,"column":36}},{"start":{"line":29,"column":36},"end":{"line":29,"column":null}}],"line":29},"4":{"loc":{"start":{"line":50,"column":4},"end":{"line":52,"column":null}},"type":"binary-expr","locations":[{"start":{"line":50,"column":4},"end":{"line":50,"column":null}},{"start":{"line":51,"column":4},"end":{"line":51,"column":null}},{"start":{"line":52,"column":4},"end":{"line":52,"column":null}}],"line":50},"5":{"loc":{"start":{"line":57,"column":2},"end":{"line":59,"column":null}},"type":"if","locations":[{"start":{"line":57,"column":2},"end":{"line":59,"column":null}},{"start":{},"end":{}}],"line":57},"6":{"loc":{"start":{"line":57,"column":6},"end":{"line":57,"column":30}},"type":"binary-expr","locations":[{"start":{"line":57,"column":6},"end":{"line":57,"column":20}},{"start":{"line":57,"column":20},"end":{"line":57,"column":30}}],"line":57},"7":{"loc":{"start":{"line":60,"column":2},"end":{"line":62,"column":null}},"type":"if","locations":[{"start":{"line":60,"column":2},"end":{"line":62,"column":null}},{"start":{},"end":{}}],"line":60},"8":{"loc":{"start":{"line":68,"column":2},"end":{"line":70,"column":null}},"type":"if","locations":[{"start":{"line":68,"column":2},"end":{"line":70,"column":null}},{"start":{},"end":{}}],"line":68}},"s":{"0":5,"1":5,"2":5,"3":5,"4":35,"5":35,"6":35,"7":6,"8":8,"9":8,"10":8,"11":6,"12":1,"13":5,"14":1,"15":4,"16":0,"17":0,"18":2,"19":8,"20":2,"21":6,"22":6,"23":5,"24":2,"25":3,"26":2,"27":1,"28":3,"29":3,"30":1,"31":2},"f":{"0":5,"1":35,"2":6,"3":8,"4":6,"5":0,"6":0,"7":2,"8":8,"9":6,"10":5,"11":3},"b":{"0":[6,6,6],"1":[1,5],"2":[1,4],"3":[2,2],"4":[6,4,3],"5":[2,3],"6":[5,4],"7":[2,1],"8":[1,2]},"meta":{"lastBranch":9,"lastFunction":12,"lastStatement":32,"seen":{"f:1:16:1:28":0,"s:2:12:2:Infinity":0,"s:3:17:3:Infinity":1,"s:4:2:4:Infinity":2,"s:5:2:9:Infinity":3,"f:5:35:5:36":1,"s:6:16:6:Infinity":4,"s:7:4:7:Infinity":5,"s:8:4:8:Infinity":6,"f:12:16:12:24":2,"s:13:2:16:Infinity":7,"b:14:4:14:Infinity:15:4:15:Infinity:16:4:16:Infinity":0,"f:20:16:20:26":3,"s:21:12:21:Infinity":8,"s:22:2:22:Infinity":9,"s:23:2:23:Infinity":10,"f:26:16:26:27":4,"b:27:2:27:Infinity:undefined:undefined:undefined:undefined":1,"s:27:2:27:Infinity":11,"s:27:18:27:Infinity":12,"b:28:2:28:Infinity:undefined:undefined:undefined:undefined":2,"s:28:2:28:Infinity":13,"s:28:19:28:Infinity":14,"s:29:2:29:Infinity":15,"b:29:21:29:36:29:36:29:Infinity":3,"f:32:16:32:27":5,"s:33:2:33:Infinity":16,"f:36:16:36:27":6,"s:37:2:39:Infinity":17,"f:42:16:42:32":7,"s:43:14:43:Infinity":18,"f:43:14:43:15":8,"s:43:29:43:Infinity":19,"s:44:2:44:Infinity":20,"f:47:16:47:32":9,"s:48:21:48:Infinity":21,"s:49:2:52:Infinity":22,"b:50:4:50:Infinity:51:4:51:Infinity:52:4:52:Infinity":4,"f:56:16:56:41":10,"b:57:2:59:Infinity:undefined:undefined:undefined:undefined":5,"s:57:2:59:Infinity":23,"b:57:6:57:20:57:20:57:30":6,"s:58:4:58:Infinity":24,"b:60:2:62:Infinity:undefined:undefined:undefined:undefined":7,"s:60:2:62:Infinity":25,"s:61:4:61:Infinity":26,"s:63:2:63:Infinity":27,"f:66:16:66:31":11,"s:67:15:67:Infinity":28,"b:68:2:70:Infinity:undefined:undefined:undefined:undefined":8,"s:68:2:70:Infinity":29,"s:69:4:69:Infinity":30,"s:71:2:71:Infinity":31}}}
,"/Users/rexgtcoder/Documents/projects/aerobook-web/src/views/Aircraft.vue": {"path":"/Users/rexgtcoder/Documents/projects/aerobook-web/src/views/Aircraft.vue","statementMap":{"0":{"start":{"line":157,"column":6},"end":{"line":157,"column":null}},"1":{"start":{"line":159,"column":6},"end":{"line":159,"column":null}},"2":{"start":{"line":160,"column":6},"end":{"line":160,"column":null}},"3":{"start":{"line":161,"column":6},"end":{"line":161,"column":null}},"4":{"start":{"line":163,"column":6},"end":{"line":171,"column":null}},"5":{"start":{"line":174,"column":2},"end":{"line":174,"column":null}},"6":{"start":{"line":174,"column":36},"end":{"line":174,"column":null}},"7":{"start":{"line":176,"column":2},"end":{"line":181,"column":null}},"8":{"start":{"line":177,"column":21},"end":{"line":177,"column":null}},"9":{"start":{"line":178,"column":4},"end":{"line":178,"column":null}},"10":{"start":{"line":180,"column":4},"end":{"line":180,"column":null}},"11":{"start":{"line":185,"column":2},"end":{"line":185,"column":null}},"12":{"start":{"line":186,"column":2},"end":{"line":189,"column":null}},"13":{"start":{"line":187,"column":4},"end":{"line":187,"column":null}},"14":{"start":{"line":188,"column":4},"end":{"line":188,"column":null}},"15":{"start":{"line":193,"column":2},"end":{"line":201,"column":null}},"16":{"start":{"line":205,"column":2},"end":{"line":215,"column":null}},"17":{"start":{"line":206,"column":4},"end":{"line":210,"column":null}},"18":{"start":{"line":207,"column":6},"end":{"line":207,"column":null}},"19":{"start":{"line":209,"column":6},"end":{"line":209,"column":null}},"20":{"start":{"line":211,"column":4},"end":{"line":211,"column":null}},"21":{"start":{"line":212,"column":4},"end":{"line":212,"column":null}},"22":{"start":{"line":214,"column":4},"end":{"line":214,"column":null}},"23":{"start":{"line":219,"column":2},"end":{"line":219,"column":null}},"24":{"start":{"line":220,"column":2},"end":{"line":228,"column":null}},"25":{"start":{"line":229,"column":2},"end":{"line":229,"column":null}},"26":{"start":{"line":233,"column":2},"end":{"line":240,"column":null}},"27":{"start":{"line":234,"column":4},"end":{"line":239,"column":null}},"28":{"start":{"line":235,"column":6},"end":{"line":235,"column":null}},"29":{"start":{"line":236,"column":6},"end":{"line":236,"column":null}},"30":{"start":{"line":238,"column":6},"end":{"line":238,"column":null}},"31":{"start":{"line":243,"column":0},"end":{"line":245,"column":null}},"32":{"start":{"line":244,"column":2},"end":{"line":244,"column":null}},"33":{"start":{"line":8,"column":11},"end":{"line":8,"column":null}},"34":{"start":{"line":21,"column":15},"end":{"line":21,"column":null}},"35":{"start":{"line":22,"column":17},"end":{"line":22,"column":null}},"36":{"start":{"line":27,"column":17},"end":{"line":27,"column":null}},"37":{"start":{"line":32,"column":17},"end":{"line":32,"column":null}},"38":{"start":{"line":38,"column":15},"end":{"line":38,"column":null}},"39":{"start":{"line":39,"column":17},"end":{"line":39,"column":null}},"40":{"start":{"line":44,"column":17},"end":{"line":44,"column":null}},"41":{"start":{"line":49,"column":17},"end":{"line":49,"column":null}},"42":{"start":{"line":55,"column":15},"end":{"line":55,"column":null}},"43":{"start":{"line":68,"column":11},"end":{"line":68,"column":null}},"44":{"start":{"line":85,"column":18},"end":{"line":85,"column":42}},"45":{"start":{"line":87,"column":18},"end":{"line":87,"column":42}},"46":{"start":{"line":94,"column":21},"end":{"line":94,"column":null}},"47":{"start":{"line":108,"column":11},"end":{"line":108,"column":null}},"48":{"start":{"line":111,"column":17},"end":{"line":111,"column":null}},"49":{"start":{"line":112,"column":19},"end":{"line":112,"column":null}},"50":{"start":{"line":114,"column":22},"end":{"line":114,"column":48}},"51":{"start":{"line":121,"column":17},"end":{"line":121,"column":null}},"52":{"start":{"line":122,"column":19},"end":{"line":122,"column":null}},"53":{"start":{"line":124,"column":22},"end":{"line":124,"column":46}},"54":{"start":{"line":126,"column":19},"end":{"line":126,"column":null}},"55":{"start":{"line":128,"column":22},"end":{"line":128,"column":43}},"56":{"start":{"line":130,"column":19},"end":{"line":130,"column":null}},"57":{"start":{"line":132,"column":22},"end":{"line":132,"column":46}},"58":{"start":{"line":136,"column":17},"end":{"line":136,"column":null}},"59":{"start":{"line":2,"column":2},"end":{"line":144,"column":14}},"60":{"start":{"line":5,"column":10},"end":{"line":144,"column":14}},"61":{"start":{"line":24,"column":30},"end":{"line":24,"column":52}},"62":{"start":{"line":29,"column":30},"end":{"line":29,"column":45}},"63":{"start":{"line":34,"column":30},"end":{"line":34,"column":46}},"64":{"start":{"line":41,"column":37},"end":{"line":41,"column":51}},"65":{"start":{"line":46,"column":37},"end":{"line":46,"column":58}},"66":{"start":{"line":51,"column":37},"end":{"line":51,"column":65}},"67":{"start":{"line":57,"column":30},"end":{"line":57,"column":53}},"68":{"start":{"line":82,"column":12},"end":{"line":96,"column":104}},"69":{"start":{"line":95,"column":66},"end":{"line":95,"column":87}},"70":{"start":{"line":96,"column":63},"end":{"line":96,"column":89}},"71":{"start":{"line":110,"column":10},"end":{"line":138,"column":100}},"72":{"start":{"line":137,"column":62},"end":{"line":137,"column":83}},"73":{"start":{"line":138,"column":59},"end":{"line":138,"column":85}}},"fnMap":{"0":{"name":"loadAircraft","decl":{"start":{"line":173,"column":15},"end":{"line":173,"column":30}},"loc":{"start":{"line":173,"column":30},"end":{"line":182,"column":null}},"line":173},"1":{"name":"toggleForm","decl":{"start":{"line":184,"column":9},"end":{"line":184,"column":22}},"loc":{"start":{"line":184,"column":22},"end":{"line":190,"column":null}},"line":184},"2":{"name":"resetForm","decl":{"start":{"line":192,"column":9},"end":{"line":192,"column":21}},"loc":{"start":{"line":192,"column":21},"end":{"line":202,"column":null}},"line":192},"3":{"name":"handleSubmit","decl":{"start":{"line":204,"column":15},"end":{"line":204,"column":30}},"loc":{"start":{"line":204,"column":30},"end":{"line":216,"column":null}},"line":204},"4":{"name":"editAircraft","decl":{"start":{"line":218,"column":9},"end":{"line":218,"column":22}},"loc":{"start":{"line":218,"column":39},"end":{"line":230,"column":null}},"line":218},"5":{"name":"deleteAircraft","decl":{"start":{"line":232,"column":15},"end":{"line":232,"column":30}},"loc":{"start":{"line":232,"column":42},"end":{"line":241,"column":null}},"line":232},"6":{"name":"(anonymous_6)","decl":{"start":{"line":243,"column":10},"end":{"line":243,"column":16}},"loc":{"start":{"line":243,"column":16},"end":{"line":245,"column":1}},"line":243},"7":{"name":"(anonymous_7)","decl":{"start":{"line":3,"column":4},"end":{"line":3,"column":16}},"loc":{"start":{"line":5,"column":10},"end":{"line":144,"column":14}},"line":5},"8":{"name":"(anonymous_8)","decl":{"start":{"line":24,"column":113},"end":{"line":24,"column":null}},"loc":{"start":{"line":24,"column":30},"end":{"line":24,"column":52}},"line":24},"9":{"name":"(anonymous_9)","decl":{"start":{"line":29,"column":99},"end":{"line":29,"column":null}},"loc":{"start":{"line":29,"column":30},"end":{"line":29,"column":45}},"line":29},"10":{"name":"(anonymous_10)","decl":{"start":{"line":34,"column":99},"end":{"line":34,"column":null}},"loc":{"start":{"line":34,"column":30},"end":{"line":34,"column":46}},"line":34},"11":{"name":"(anonymous_11)","decl":{"start":{"line":41,"column":87},"end":{"line":41,"column":null}},"loc":{"start":{"line":41,"column":37},"end":{"line":41,"column":51}},"line":41},"12":{"name":"(anonymous_12)","decl":{"start":{"line":46,"column":113},"end":{"line":46,"column":null}},"loc":{"start":{"line":46,"column":37},"end":{"line":46,"column":58}},"line":46},"13":{"name":"(anonymous_13)","decl":{"start":{"line":51,"column":126},"end":{"line":51,"column":null}},"loc":{"start":{"line":51,"column":37},"end":{"line":51,"column":65}},"line":51},"14":{"name":"(anonymous_14)","decl":{"start":{"line":57,"column":71},"end":{"line":57,"column":null}},"loc":{"start":{"line":57,"column":30},"end":{"line":57,"column":53}},"line":57},"15":{"name":"(anonymous_15)","decl":{"start":{"line":82,"column":40},"end":{"line":82,"column":43}},"loc":{"start":{"line":82,"column":28},"end":{"line":96,"column":104}},"line":82},"16":{"name":"(anonymous_16)","decl":{"start":{"line":95,"column":64},"end":{"line":95,"column":66}},"loc":{"start":{"line":95,"column":66},"end":{"line":95,"column":87}},"line":95},"17":{"name":"(anonymous_17)","decl":{"start":{"line":96,"column":61},"end":{"line":96,"column":63}},"loc":{"start":{"line":96,"column":63},"end":{"line":96,"column":89}},"line":96},"18":{"name":"(anonymous_18)","decl":{"start":{"line":110,"column":39},"end":{"line":110,"column":42}},"loc":{"start":{"line":110,"column":27},"end":{"line":138,"column":100}},"line":110},"19":{"name":"(anonymous_19)","decl":{"start":{"line":137,"column":60},"end":{"line":137,"column":62}},"loc":{"start":{"line":137,"column":62},"end":{"line":137,"column":83}},"line":137},"20":{"name":"(anonymous_20)","decl":{"start":{"line":138,"column":57},"end":{"line":138,"column":59}},"loc":{"start":{"line":138,"column":59},"end":{"line":138,"column":85}},"line":138}},"branchMap":{"0":{"loc":{"start":{"line":174,"column":2},"end":{"line":174,"column":null}},"type":"if","locations":[{"start":{"line":174,"column":2},"end":{"line":174,"column":null}},{"start":{},"end":{}}],"line":174},"1":{"loc":{"start":{"line":186,"column":2},"end":{"line":189,"column":null}},"type":"if","locations":[{"start":{"line":186,"column":2},"end":{"line":189,"column":null}},{"start":{},"end":{}}],"line":186},"2":{"loc":{"start":{"line":206,"column":4},"end":{"line":210,"column":null}},"type":"if","locations":[{"start":{"line":206,"column":4},"end":{"line":210,"column":null}},{"start":{"line":208,"column":11},"end":{"line":210,"column":null}}],"line":206},"3":{"loc":{"start":{"line":233,"column":2},"end":{"line":240,"column":null}},"type":"if","locations":[{"start":{"line":233,"column":2},"end":{"line":240,"column":null}},{"start":{},"end":{}}],"line":233},"4":{"loc":{"start":{"line":5,"column":10},"end":{"line":144,"column":14}},"type":"cond-expr","locations":[{"start":{"line":3,"column":26},"end":{"line":5,"column":10}},{"start":{"line":5,"column":4},"end":{"line":144,"column":14}}],"line":5},"5":{"loc":{"start":{"line":5,"column":10},"end":{"line":5,"column":10}},"type":"binary-expr","locations":[{"start":{"line":5,"column":10},"end":{"line":5,"column":null}},{"start":{"line":5,"column":10},"end":{"line":5,"column":10}}],"line":5},"6":{"loc":{"start":{"line":16,"column":12},"end":{"line":11,"column":46}},"type":"binary-expr","locations":[{"start":{"line":16,"column":12},"end":{"line":16,"column":null}},{"start":{"line":16,"column":12},"end":{"line":11,"column":46}}],"line":16},"7":{"loc":{"start":{"line":14,"column":13},"end":{"line":14,"column":null}},"type":"cond-expr","locations":[{"start":{"line":14,"column":21},"end":{"line":14,"column":null}},{"start":{"line":14,"column":21},"end":{"line":14,"column":null}}],"line":14},"8":{"loc":{"start":{"line":18,"column":17},"end":{"line":63,"column":null}},"type":"cond-expr","locations":[{"start":{"line":18,"column":17},"end":{"line":63,"column":null}}],"line":18},"9":{"loc":{"start":{"line":19,"column":15},"end":{"line":19,"column":77}},"type":"cond-expr","locations":[{"start":{"line":19,"column":30},"end":{"line":19,"column":77}},{"start":{"line":19,"column":30},"end":{"line":19,"column":77}}],"line":19},"10":{"loc":{"start":{"line":25,"column":18},"end":{"line":23,"column":58}},"type":"binary-expr","locations":[{"start":{"line":25,"column":18},"end":{"line":25,"column":null}},{"start":{"line":25,"column":18},"end":{"line":23,"column":58}}],"line":25},"11":{"loc":{"start":{"line":24,"column":113},"end":{"line":24,"column":52}},"type":"binary-expr","locations":[{"start":{"line":24,"column":113},"end":{"line":24,"column":null}},{"start":{"line":24,"column":113},"end":{"line":24,"column":52}}],"line":24},"12":{"loc":{"start":{"line":30,"column":18},"end":{"line":28,"column":44}},"type":"binary-expr","locations":[{"start":{"line":30,"column":18},"end":{"line":30,"column":null}},{"start":{"line":30,"column":18},"end":{"line":28,"column":44}}],"line":30},"13":{"loc":{"start":{"line":29,"column":99},"end":{"line":29,"column":45}},"type":"binary-expr","locations":[{"start":{"line":29,"column":99},"end":{"line":29,"column":null}},{"start":{"line":29,"column":99},"end":{"line":29,"column":45}}],"line":29},"14":{"loc":{"start":{"line":35,"column":18},"end":{"line":33,"column":46}},"type":"binary-expr","locations":[{"start":{"line":35,"column":18},"end":{"line":35,"column":null}},{"start":{"line":35,"column":18},"end":{"line":33,"column":46}}],"line":35},"15":{"loc":{"start":{"line":34,"column":99},"end":{"line":34,"column":46}},"type":"binary-expr","locations":[{"start":{"line":34,"column":99},"end":{"line":34,"column":null}},{"start":{"line":34,"column":99},"end":{"line":34,"column":46}}],"line":34},"16":{"loc":{"start":{"line":42,"column":18},"end":{"line":40,"column":44}},"type":"binary-expr","locations":[{"start":{"line":42,"column":18},"end":{"line":42,"column":null}},{"start":{"line":42,"column":18},"end":{"line":40,"column":44}}],"line":42},"17":{"loc":{"start":{"line":41,"column":87},"end":{"line":41,"column":51}},"type":"binary-expr","locations":[{"start":{"line":41,"column":87},"end":{"line":41,"column":null}},{"start":{"line":41,"column":87},"end":{"line":41,"column":51}}],"line":41},"18":{"loc":{"start":{"line":47,"column":18},"end":{"line":45,"column":62}},"type":"binary-expr","locations":[{"start":{"line":47,"column":18},"end":{"line":47,"column":null}},{"start":{"line":47,"column":18},"end":{"line":45,"column":62}}],"line":47},"19":{"loc":{"start":{"line":46,"column":113},"end":{"line":46,"column":58}},"type":"binary-expr","locations":[{"start":{"line":46,"column":113},"end":{"line":46,"column":null}},{"start":{"line":46,"column":113},"end":{"line":46,"column":58}}],"line":46},"20":{"loc":{"start":{"line":52,"column":18},"end":{"line":50,"column":64}},"type":"binary-expr","locations":[{"start":{"line":52,"column":18},"end":{"line":52,"column":null}},{"start":{"line":52,"column":18},"end":{"line":50,"column":64}}],"line":52},"21":{"loc":{"start":{"line":51,"column":126},"end":{"line":51,"column":65}},"type":"binary-expr","locations":[{"start":{"line":51,"column":126},"end":{"line":51,"column":null}},{"start":{"line":51,"column":126},"end":{"line":51,"column":65}}],"line":51},"22":{"loc":{"start":{"line":57,"column":71},"end":{"line":57,"column":53}},"type":"binary-expr","locations":[{"start":{"line":57,"column":71},"end":{"line":57,"column":null}},{"start":{"line":57,"column":71},"end":{"line":57,"column":53}}],"line":57},"23":{"loc":{"start":{"line":63,"column":15},"end":{"line":63,"column":null}},"type":"cond-expr","locations":[{"start":{"line":63,"column":30},"end":{"line":63,"column":null}},{"start":{"line":63,"column":30},"end":{"line":63,"column":null}}],"line":63},"24":{"loc":{"start":{"line":104,"column":16},"end":{"line":78,"column":30}},"type":"binary-expr","locations":[{"start":{"line":104,"column":16},"end":{"line":104,"column":null}},{"start":{"line":104,"column":16},"end":{"line":78,"column":30}}],"line":104},"25":{"loc":{"start":{"line":89,"column":51},"end":{"line":89,"column":null}},"type":"cond-expr","locations":[{"start":{"line":89,"column":69},"end":{"line":89,"column":null}},{"start":{"line":89,"column":69},"end":{"line":89,"column":null}}],"line":89},"26":{"loc":{"start":{"line":90,"column":21},"end":{"line":90,"column":null}},"type":"cond-expr","locations":[{"start":{"line":90,"column":39},"end":{"line":90,"column":null}},{"start":{"line":90,"column":39},"end":{"line":90,"column":null}}],"line":90},"27":{"loc":{"start":{"line":100,"column":22},"end":{"line":101,"column":109}},"type":"cond-expr","locations":[{"start":{"line":100,"column":37},"end":{"line":101,"column":109}},{"start":{"line":101,"column":104},"end":{"line":101,"column":109}}],"line":100},"28":{"loc":{"start":{"line":102,"column":17},"end":{"line":101,"column":109}},"type":"binary-expr","locations":[{"start":{"line":102,"column":17},"end":{"line":102,"column":null}},{"start":{"line":102,"column":17},"end":{"line":101,"column":109}}],"line":102},"29":{"loc":{"start":{"line":109,"column":19},"end":{"line":144,"column":14}},"type":"cond-expr","locations":[{"start":{"line":109,"column":34},"end":{"line":142,"column":20}},{"start":{"line":142,"column":8},"end":{"line":144,"column":14}}],"line":109},"30":{"loc":{"start":{"line":116,"column":49},"end":{"line":116,"column":null}},"type":"cond-expr","locations":[{"start":{"line":116,"column":67},"end":{"line":116,"column":null}},{"start":{"line":116,"column":67},"end":{"line":116,"column":null}}],"line":116},"31":{"loc":{"start":{"line":117,"column":19},"end":{"line":117,"column":null}},"type":"cond-expr","locations":[{"start":{"line":117,"column":37},"end":{"line":117,"column":null}},{"start":{"line":117,"column":37},"end":{"line":117,"column":null}}],"line":117},"32":{"loc":{"start":{"line":125,"column":20},"end":{"line":123,"column":55}},"type":"binary-expr","locations":[{"start":{"line":125,"column":20},"end":{"line":125,"column":null}},{"start":{"line":125,"column":20},"end":{"line":123,"column":55}}],"line":125},"33":{"loc":{"start":{"line":129,"column":20},"end":{"line":127,"column":55}},"type":"binary-expr","locations":[{"start":{"line":129,"column":20},"end":{"line":129,"column":null}},{"start":{"line":129,"column":20},"end":{"line":127,"column":55}}],"line":129},"34":{"loc":{"start":{"line":133,"column":20},"end":{"line":131,"column":61}},"type":"binary-expr","locations":[{"start":{"line":133,"column":20},"end":{"line":133,"column":null}},{"start":{"line":133,"column":20},"end":{"line":131,"column":61}}],"line":133}},"s":{"0":3,"1":3,"2":3,"3":3,"4":3,"5":3,"6":1,"7":2,"8":2,"9":2,"10":0,"11":0,"12":0,"13":0,"14":0,"15":0,"16":0,"17":0,"18":0,"19":0,"20":0,"21":0,"22":0,"23":0,"24":0,"25":0,"26":0,"27":0,"28":0,"29":0,"30":0,"31":3,"32":3,"33":1,"34":1,"35":1,"36":1,"37":1,"38":1,"39":1,"40":1,"41":1,"42":1,"43":1,"44":1,"45":1,"46":1,"47":1,"48":1,"49":1,"50":1,"51":1,"52":1,"53":1,"54":1,"55":1,"56":1,"57":1,"58":1,"59":3,"60":5,"61":0,"62":0,"63":0,"64":0,"65":0,"66":0,"67":0,"68":2,"69":0,"70":0,"71":2,"72":0,"73":0},"f":{"0":3,"1":0,"2":0,"3":0,"4":0,"5":0,"6":3,"7":5,"8":0,"9":0,"10":0,"11":0,"12":0,"13":0,"14":0,"15":2,"16":0,"17":0,"18":2,"19":0,"20":0},"b":{"0":[1,2],"1":[0,0],"2":[0,0],"3":[0,0],"4":[1,4],"5":[1,1],"6":[4,2],"7":[0,4],"8":[0],"9":[0,0],"10":[0,0],"11":[0,0],"12":[0,0],"13":[0,0],"14":[0,0],"15":[0,0],"16":[0,0],"17":[0,0],"18":[0,0],"19":[0,0],"20":[0,0],"21":[0,0],"22":[0,0],"23":[0,0],"24":[4,2],"25":[2,0],"26":[2,0],"27":[2,2],"28":[2,2],"29":[2,2],"30":[2,0],"31":[2,0],"32":[2,2],"33":[2,2],"34":[2,2]},"meta":{"lastBranch":0,"lastFunction":0,"lastStatement":0,"seen":{}}}
,"/Users/rexgtcoder/Documents/projects/aerobook-web/src/views/Dashboard.vue": {"path":"/Users/rexgtcoder/Documents/projects/aerobook-web/src/views/Dashboard.vue","statementMap":{"0":{"start":{"line":105,"column":6},"end":{"line":105,"column":null}},"1":{"start":{"line":107,"column":6},"end":{"line":107,"column":null}},"2":{"start":{"line":108,"column":6},"end":{"line":108,"column":null}},"3":{"start":{"line":109,"column":6},"end":{"line":109,"column":null}},"4":{"start":{"line":110,"column":6},"end":{"line":110,"column":null}},"5":{"start":{"line":112,"column":6},"end":{"line":112,"column":null}},"6":{"start":{"line":112,"column":41},"end":{"line":112,"column":90}},"7":{"start":{"line":112,"column":68},"end":{"line":112,"column":82}},"8":{"start":{"line":113,"column":6},"end":{"line":118,"column":null}},"9":{"start":{"line":114,"column":14},"end":{"line":114,"column":null}},"10":{"start":{"line":115,"column":2},"end":{"line":117,"column":null}},"11":{"start":{"line":116,"column":4},"end":{"line":116,"column":null}},"12":{"start":{"line":119,"column":6},"end":{"line":119,"column":null}},"13":{"start":{"line":119,"column":35},"end":{"line":119,"column":79}},"14":{"start":{"line":119,"column":61},"end":{"line":119,"column":71}},"15":{"start":{"line":121,"column":6},"end":{"line":123,"column":null}},"16":{"start":{"line":122,"column":2},"end":{"line":122,"column":null}},"17":{"start":{"line":126,"column":2},"end":{"line":148,"column":null}},"18":{"start":{"line":127,"column":37},"end":{"line":131,"column":null}},"19":{"start":{"line":133,"column":4},"end":{"line":135,"column":null}},"20":{"start":{"line":134,"column":6},"end":{"line":134,"column":null}},"21":{"start":{"line":137,"column":20},"end":{"line":137,"column":null}},"22":{"start":{"line":139,"column":4},"end":{"line":139,"column":null}},"23":{"start":{"line":140,"column":4},"end":{"line":140,"column":null}},"24":{"start":{"line":141,"column":4},"end":{"line":141,"column":null}},"25":{"start":{"line":143,"column":4},"end":{"line":145,"column":null}},"26":{"start":{"line":144,"column":6},"end":{"line":144,"column":null}},"27":{"start":{"line":147,"column":4},"end":{"line":147,"column":null}},"28":{"start":{"line":152,"column":17},"end":{"line":152,"column":null}},"29":{"start":{"line":152,"column":41},"end":{"line":152,"column":58}},"30":{"start":{"line":153,"column":2},"end":{"line":153,"column":null}},"31":{"start":{"line":157,"column":16},"end":{"line":157,"column":null}},"32":{"start":{"line":157,"column":41},"end":{"line":157,"column":60}},"33":{"start":{"line":158,"column":2},"end":{"line":158,"column":null}},"34":{"start":{"line":162,"column":2},"end":{"line":167,"column":null}},"35":{"start":{"line":170,"column":0},"end":{"line":172,"column":null}},"36":{"start":{"line":171,"column":2},"end":{"line":171,"column":null}},"37":{"start":{"line":8,"column":9},"end":{"line":8,"column":null}},"38":{"start":{"line":11,"column":13},"end":{"line":11,"column":30}},"39":{"start":{"line":14,"column":11},"end":{"line":14,"column":null}},"40":{"start":{"line":16,"column":13},"end":{"line":16,"column":30}},"41":{"start":{"line":19,"column":11},"end":{"line":19,"column":null}},"42":{"start":{"line":21,"column":13},"end":{"line":21,"column":30}},"43":{"start":{"line":26,"column":13},"end":{"line":26,"column":30}},"44":{"start":{"line":30,"column":9},"end":{"line":30,"column":null}},"45":{"start":{"line":32,"column":11},"end":{"line":32,"column":null}},"46":{"start":{"line":45,"column":18},"end":{"line":45,"column":42}},"47":{"start":{"line":65,"column":11},"end":{"line":65,"column":null}},"48":{"start":{"line":68,"column":17},"end":{"line":68,"column":null}},"49":{"start":{"line":69,"column":19},"end":{"line":69,"column":null}},"50":{"start":{"line":71,"column":22},"end":{"line":71,"column":37}},"51":{"start":{"line":78,"column":17},"end":{"line":78,"column":null}},"52":{"start":{"line":79,"column":19},"end":{"line":79,"column":null}},"53":{"start":{"line":81,"column":22},"end":{"line":81,"column":46}},"54":{"start":{"line":83,"column":19},"end":{"line":83,"column":null}},"55":{"start":{"line":85,"column":22},"end":{"line":85,"column":46}},"56":{"start":{"line":2,"column":2},"end":{"line":92,"column":14}},"57":{"start":{"line":6,"column":10},"end":{"line":92,"column":14}},"58":{"start":{"line":44,"column":12},"end":{"line":51,"column":null}},"59":{"start":{"line":67,"column":10},"end":{"line":85,"column":90}}},"fnMap":{"0":{"name":"(anonymous_0)","decl":{"start":{"line":112,"column":35},"end":{"line":112,"column":41}},"loc":{"start":{"line":112,"column":41},"end":{"line":112,"column":90}},"line":112},"1":{"name":"(anonymous_1)","decl":{"start":{"line":112,"column":63},"end":{"line":112,"column":68}},"loc":{"start":{"line":112,"column":68},"end":{"line":112,"column":82}},"line":112},"2":{"name":"(anonymous_2)","decl":{"start":{"line":113,"column":38},"end":{"line":113,"column":44}},"loc":{"start":{"line":113,"column":44},"end":{"line":118,"column":1}},"line":113},"3":{"name":"(anonymous_3)","decl":{"start":{"line":115,"column":35},"end":{"line":115,"column":null}},"loc":{"start":{"line":116,"column":4},"end":{"line":116,"column":null}},"line":116},"4":{"name":"(anonymous_4)","decl":{"start":{"line":119,"column":29},"end":{"line":119,"column":35}},"loc":{"start":{"line":119,"column":35},"end":{"line":119,"column":79}},"line":119},"5":{"name":"(anonymous_5)","decl":{"start":{"line":119,"column":56},"end":{"line":119,"column":61}},"loc":{"start":{"line":119,"column":61},"end":{"line":119,"column":71}},"line":119},"6":{"name":"(anonymous_6)","decl":{"start":{"line":121,"column":37},"end":{"line":121,"column":43}},"loc":{"start":{"line":121,"column":43},"end":{"line":123,"column":1}},"line":121},"7":{"name":"loadData","decl":{"start":{"line":125,"column":15},"end":{"line":125,"column":26}},"loc":{"start":{"line":125,"column":26},"end":{"line":149,"column":null}},"line":125},"8":{"name":"getMemberName","decl":{"start":{"line":151,"column":9},"end":{"line":151,"column":23}},"loc":{"start":{"line":151,"column":49},"end":{"line":154,"column":null}},"line":151},"9":{"name":"(anonymous_9)","decl":{"start":{"line":152,"column":36},"end":{"line":152,"column":41}},"loc":{"start":{"line":152,"column":41},"end":{"line":152,"column":58}},"line":152},"10":{"name":"getAircraftName","decl":{"start":{"line":156,"column":9},"end":{"line":156,"column":25}},"loc":{"start":{"line":156,"column":53},"end":{"line":159,"column":null}},"line":156},"11":{"name":"(anonymous_11)","decl":{"start":{"line":157,"column":36},"end":{"line":157,"column":41}},"loc":{"start":{"line":157,"column":41},"end":{"line":157,"column":60}},"line":157},"12":{"name":"formatDate","decl":{"start":{"line":161,"column":9},"end":{"line":161,"column":20}},"loc":{"start":{"line":161,"column":40},"end":{"line":168,"column":null}},"line":161},"13":{"name":"(anonymous_13)","decl":{"start":{"line":170,"column":10},"end":{"line":170,"column":16}},"loc":{"start":{"line":170,"column":16},"end":{"line":172,"column":1}},"line":170},"14":{"name":"(anonymous_14)","decl":{"start":{"line":3,"column":4},"end":{"line":3,"column":9}},"loc":{"start":{"line":6,"column":10},"end":{"line":92,"column":14}},"line":6},"15":{"name":"(anonymous_15)","decl":{"start":{"line":44,"column":57},"end":{"line":44,"column":60}},"loc":{"start":{"line":44,"column":34},"end":{"line":51,"column":null}},"line":44},"16":{"name":"(anonymous_16)","decl":{"start":{"line":67,"column":56},"end":{"line":67,"column":59}},"loc":{"start":{"line":67,"column":33},"end":{"line":85,"column":90}},"line":67}},"branchMap":{"0":{"loc":{"start":{"line":116,"column":4},"end":{"line":116,"column":null}},"type":"binary-expr","locations":[{"start":{"line":116,"column":4},"end":{"line":116,"column":32}},{"start":{"line":116,"column":32},"end":{"line":116,"column":null}}],"line":116},"1":{"loc":{"start":{"line":133,"column":4},"end":{"line":135,"column":null}},"type":"if","locations":[{"start":{"line":133,"column":4},"end":{"line":135,"column":null}},{"start":{},"end":{}}],"line":133},"2":{"loc":{"start":{"line":143,"column":4},"end":{"line":145,"column":null}},"type":"if","locations":[{"start":{"line":143,"column":4},"end":{"line":145,"column":null}},{"start":{},"end":{}}],"line":143},"3":{"loc":{"start":{"line":153,"column":9},"end":{"line":153,"column":null}},"type":"cond-expr","locations":[{"start":{"line":153,"column":18},"end":{"line":153,"column":63}},{"start":{"line":153,"column":63},"end":{"line":153,"column":null}}],"line":153},"4":{"loc":{"start":{"line":158,"column":9},"end":{"line":158,"column":null}},"type":"cond-expr","locations":[{"start":{"line":158,"column":17},"end":{"line":158,"column":73}},{"start":{"line":158,"column":73},"end":{"line":158,"column":null}}],"line":158},"5":{"loc":{"start":{"line":6,"column":10},"end":{"line":5,"column":73}},"type":"binary-expr","locations":[{"start":{"line":6,"column":10},"end":{"line":6,"column":null}},{"start":{"line":6,"column":10},"end":{"line":5,"column":73}}],"line":6},"6":{"loc":{"start":{"line":9,"column":35},"end":{"line":11,"column":53}},"type":"cond-expr","locations":[{"start":{"line":9,"column":45},"end":{"line":11,"column":53}},{"start":{"line":11,"column":44},"end":{"line":11,"column":53}}],"line":9},"7":{"loc":{"start":{"line":12,"column":12},"end":{"line":10,"column":30}},"type":"binary-expr","locations":[{"start":{"line":12,"column":12},"end":{"line":12,"column":null}},{"start":{"line":12,"column":12},"end":{"line":10,"column":30}}],"line":12},"8":{"loc":{"start":{"line":17,"column":12},"end":{"line":15,"column":35}},"type":"binary-expr","locations":[{"start":{"line":17,"column":12},"end":{"line":17,"column":null}},{"start":{"line":17,"column":12},"end":{"line":15,"column":35}}],"line":17},"9":{"loc":{"start":{"line":22,"column":12},"end":{"line":20,"column":38}},"type":"binary-expr","locations":[{"start":{"line":22,"column":12},"end":{"line":22,"column":null}},{"start":{"line":22,"column":12},"end":{"line":20,"column":38}}],"line":22},"10":{"loc":{"start":{"line":24,"column":35},"end":{"line":26,"column":50}},"type":"cond-expr","locations":[{"start":{"line":24,"column":45},"end":{"line":26,"column":50}},{"start":{"line":26,"column":41},"end":{"line":26,"column":50}}],"line":24},"11":{"loc":{"start":{"line":27,"column":12},"end":{"line":25,"column":29}},"type":"binary-expr","locations":[{"start":{"line":27,"column":12},"end":{"line":27,"column":null}},{"start":{"line":27,"column":12},"end":{"line":25,"column":29}}],"line":27},"12":{"loc":{"start":{"line":94,"column":10},"end":{"line":31,"column":34}},"type":"binary-expr","locations":[{"start":{"line":94,"column":10},"end":{"line":94,"column":null}},{"start":{"line":94,"column":10},"end":{"line":31,"column":34}}],"line":94},"13":{"loc":{"start":{"line":61,"column":16},"end":{"line":40,"column":29}},"type":"binary-expr","locations":[{"start":{"line":61,"column":16},"end":{"line":61,"column":null}},{"start":{"line":61,"column":16},"end":{"line":40,"column":29}}],"line":61},"14":{"loc":{"start":{"line":55,"column":22},"end":{"line":58,"column":19}},"type":"cond-expr","locations":[{"start":{"line":55,"column":48},"end":{"line":58,"column":19}},{"start":{"line":58,"column":14},"end":{"line":58,"column":19}}],"line":55},"15":{"loc":{"start":{"line":59,"column":17},"end":{"line":58,"column":19}},"type":"binary-expr","locations":[{"start":{"line":59,"column":17},"end":{"line":59,"column":null}},{"start":{"line":59,"column":17},"end":{"line":58,"column":19}}],"line":59},"16":{"loc":{"start":{"line":66,"column":19},"end":{"line":92,"column":14}},"type":"cond-expr","locations":[{"start":{"line":66,"column":45},"end":{"line":90,"column":20}},{"start":{"line":90,"column":8},"end":{"line":92,"column":14}}],"line":66},"17":{"loc":{"start":{"line":82,"column":20},"end":{"line":80,"column":57}},"type":"binary-expr","locations":[{"start":{"line":82,"column":20},"end":{"line":82,"column":null}},{"start":{"line":82,"column":20},"end":{"line":80,"column":57}}],"line":82},"18":{"loc":{"start":{"line":86,"column":20},"end":{"line":84,"column":61}},"type":"binary-expr","locations":[{"start":{"line":86,"column":20},"end":{"line":86,"column":null}},{"start":{"line":86,"column":20},"end":{"line":84,"column":61}}],"line":86}},"s":{"0":9,"1":9,"2":9,"3":9,"4":9,"5":9,"6":18,"7":9,"8":9,"9":18,"10":18,"11":9,"12":9,"13":8,"14":4,"15":9,"16":18,"17":9,"18":9,"19":9,"20":4,"21":9,"22":9,"23":9,"24":9,"25":9,"26":4,"27":0,"28":18,"29":0,"30":18,"31":18,"32":18,"33":18,"34":18,"35":9,"36":9,"37":1,"38":1,"39":1,"40":1,"41":1,"42":1,"43":1,"44":1,"45":1,"46":1,"47":1,"48":1,"49":1,"50":1,"51":1,"52":1,"53":1,"54":1,"55":1,"56":9,"57":18,"58":9,"59":9},"f":{"0":18,"1":9,"2":18,"3":9,"4":8,"5":4,"6":18,"7":9,"8":18,"9":0,"10":18,"11":18,"12":18,"13":9,"14":18,"15":9,"16":9},"b":{"0":[9,9],"1":[4,5],"2":[4,5],"3":[0,18],"4":[18,0],"5":[18,9],"6":[6,12],"7":[6,3],"8":[18,9],"9":[18,9],"10":[8,10],"11":[8,4],"12":[18,9],"13":[18,9],"14":[9,9],"15":[9,9],"16":[9,9],"17":[9,9],"18":[9,9]},"meta":{"lastBranch":0,"lastFunction":0,"lastStatement":0,"seen":{}}}
,"/Users/rexgtcoder/Documents/projects/aerobook-web/src/views/Login.vue": {"path":"/Users/rexgtcoder/Documents/projects/aerobook-web/src/views/Login.vue","statementMap":{"0":{"start":{"line":80,"column":6},"end":{"line":80,"column":null}},"1":{"start":{"line":82,"column":6},"end":{"line":82,"column":null}},"2":{"start":{"line":83,"column":6},"end":{"line":83,"column":null}},"3":{"start":{"line":84,"column":6},"end":{"line":84,"column":null}},"4":{"start":{"line":85,"column":6},"end":{"line":85,"column":null}},"5":{"start":{"line":86,"column":6},"end":{"line":86,"column":null}},"6":{"start":{"line":87,"column":6},"end":{"line":87,"column":null}},"7":{"start":{"line":90,"column":2},"end":{"line":93,"column":null}},"8":{"start":{"line":91,"column":4},"end":{"line":91,"column":null}},"9":{"start":{"line":92,"column":4},"end":{"line":92,"column":null}},"10":{"start":{"line":95,"column":2},"end":{"line":95,"column":null}},"11":{"start":{"line":96,"column":2},"end":{"line":96,"column":null}},"12":{"start":{"line":97,"column":2},"end":{"line":97,"column":null}},"13":{"start":{"line":99,"column":2},"end":{"line":111,"column":null}},"14":{"start":{"line":100,"column":4},"end":{"line":100,"column":null}},"15":{"start":{"line":102,"column":4},"end":{"line":108,"column":null}},"16":{"start":{"line":103,"column":6},"end":{"line":103,"column":null}},"17":{"start":{"line":104,"column":4},"end":{"line":108,"column":null}},"18":{"start":{"line":105,"column":6},"end":{"line":105,"column":null}},"19":{"start":{"line":107,"column":6},"end":{"line":107,"column":null}},"20":{"start":{"line":110,"column":4},"end":{"line":110,"column":null}},"21":{"start":{"line":115,"column":2},"end":{"line":118,"column":null}},"22":{"start":{"line":116,"column":4},"end":{"line":116,"column":null}},"23":{"start":{"line":117,"column":4},"end":{"line":117,"column":null}},"24":{"start":{"line":120,"column":2},"end":{"line":120,"column":null}},"25":{"start":{"line":121,"column":2},"end":{"line":121,"column":null}},"26":{"start":{"line":122,"column":2},"end":{"line":122,"column":null}},"27":{"start":{"line":124,"column":2},"end":{"line":139,"column":null}},"28":{"start":{"line":125,"column":4},"end":{"line":125,"column":null}},"29":{"start":{"line":126,"column":4},"end":{"line":126,"column":null}},"30":{"start":{"line":130,"column":4},"end":{"line":136,"column":null}},"31":{"start":{"line":131,"column":6},"end":{"line":131,"column":null}},"32":{"start":{"line":132,"column":4},"end":{"line":136,"column":null}},"33":{"start":{"line":133,"column":6},"end":{"line":133,"column":null}},"34":{"start":{"line":135,"column":6},"end":{"line":135,"column":null}},"35":{"start":{"line":138,"column":4},"end":{"line":138,"column":null}},"36":{"start":{"line":2,"column":7},"end":{"line":2,"column":null}},"37":{"start":{"line":3,"column":9},"end":{"line":3,"column":null}},"38":{"start":{"line":18,"column":13},"end":{"line":18,"column":null}},"39":{"start":{"line":29,"column":13},"end":{"line":29,"column":null}},"40":{"start":{"line":40,"column":13},"end":{"line":40,"column":null}},"41":{"start":{"line":51,"column":13},"end":{"line":51,"column":null}},"42":{"start":{"line":67,"column":13},"end":{"line":67,"column":null}},"43":{"start":{"line":2,"column":2},"end":{"line":68,"column":101}},"44":{"start":{"line":21,"column":21},"end":{"line":21,"column":null}},"45":{"start":{"line":32,"column":21},"end":{"line":32,"column":null}},"46":{"start":{"line":41,"column":38},"end":{"line":41,"column":63}},"47":{"start":{"line":54,"column":21},"end":{"line":54,"column":null}},"48":{"start":{"line":68,"column":38},"end":{"line":68,"column":64}}},"fnMap":{"0":{"name":"handleLogin","decl":{"start":{"line":89,"column":15},"end":{"line":89,"column":29}},"loc":{"start":{"line":89,"column":29},"end":{"line":112,"column":null}},"line":89},"1":{"name":"handleForgotPassword","decl":{"start":{"line":114,"column":15},"end":{"line":114,"column":38}},"loc":{"start":{"line":114,"column":38},"end":{"line":140,"column":null}},"line":114},"2":{"name":"(anonymous_2)","decl":{"start":{"line":26,"column":12},"end":{"line":26,"column":null}},"loc":{"start":{"line":21,"column":21},"end":{"line":21,"column":null}},"line":21},"3":{"name":"(anonymous_3)","decl":{"start":{"line":37,"column":12},"end":{"line":37,"column":null}},"loc":{"start":{"line":32,"column":21},"end":{"line":32,"column":null}},"line":32},"4":{"name":"(anonymous_4)","decl":{"start":{"line":41,"column":28},"end":{"line":41,"column":38}},"loc":{"start":{"line":41,"column":38},"end":{"line":41,"column":63}},"line":41},"5":{"name":"(anonymous_5)","decl":{"start":{"line":59,"column":12},"end":{"line":59,"column":null}},"loc":{"start":{"line":54,"column":21},"end":{"line":54,"column":null}},"line":54},"6":{"name":"(anonymous_6)","decl":{"start":{"line":68,"column":28},"end":{"line":68,"column":38}},"loc":{"start":{"line":68,"column":38},"end":{"line":68,"column":64}},"line":68}},"branchMap":{"0":{"loc":{"start":{"line":90,"column":2},"end":{"line":93,"column":null}},"type":"if","locations":[{"start":{"line":90,"column":2},"end":{"line":93,"column":null}},{"start":{},"end":{}}],"line":90},"1":{"loc":{"start":{"line":90,"column":6},"end":{"line":90,"column":39}},"type":"binary-expr","locations":[{"start":{"line":90,"column":6},"end":{"line":90,"column":22}},{"start":{"line":90,"column":22},"end":{"line":90,"column":39}}],"line":90},"2":{"loc":{"start":{"line":102,"column":4},"end":{"line":108,"column":null}},"type":"if","locations":[{"start":{"line":102,"column":4},"end":{"line":108,"column":null}},{"start":{"line":104,"column":4},"end":{"line":108,"column":null}}],"line":102},"3":{"loc":{"start":{"line":104,"column":4},"end":{"line":108,"column":null}},"type":"if","locations":[{"start":{"line":104,"column":4},"end":{"line":108,"column":null}},{"start":{"line":106,"column":11},"end":{"line":108,"column":null}}],"line":104},"4":{"loc":{"start":{"line":105,"column":27},"end":{"line":105,"column":null}},"type":"binary-expr","locations":[{"start":{"line":105,"column":27},"end":{"line":105,"column":59}},{"start":{"line":105,"column":59},"end":{"line":105,"column":null}}],"line":105},"5":{"loc":{"start":{"line":107,"column":27},"end":{"line":107,"column":null}},"type":"binary-expr","locations":[{"start":{"line":107,"column":27},"end":{"line":107,"column":59}},{"start":{"line":107,"column":59},"end":{"line":107,"column":null}}],"line":107},"6":{"loc":{"start":{"line":115,"column":2},"end":{"line":118,"column":null}},"type":"if","locations":[{"start":{"line":115,"column":2},"end":{"line":118,"column":null}},{"start":{},"end":{}}],"line":115},"7":{"loc":{"start":{"line":130,"column":4},"end":{"line":136,"column":null}},"type":"if","locations":[{"start":{"line":130,"column":4},"end":{"line":136,"column":null}},{"start":{"line":132,"column":4},"end":{"line":136,"column":null}}],"line":130},"8":{"loc":{"start":{"line":132,"column":4},"end":{"line":136,"column":null}},"type":"if","locations":[{"start":{"line":132,"column":4},"end":{"line":136,"column":null}},{"start":{"line":134,"column":11},"end":{"line":136,"column":null}}],"line":132},"9":{"loc":{"start":{"line":135,"column":27},"end":{"line":135,"column":null}},"type":"binary-expr","locations":[{"start":{"line":135,"column":27},"end":{"line":135,"column":59}},{"start":{"line":135,"column":59},"end":{"line":135,"column":null}}],"line":135},"10":{"loc":{"start":{"line":71,"column":10},"end":{"line":4,"column":66}},"type":"binary-expr","locations":[{"start":{"line":71,"column":10},"end":{"line":71,"column":null}},{"start":{"line":71,"column":10},"end":{"line":4,"column":66}}],"line":71},"11":{"loc":{"start":{"line":5,"column":6},"end":{"line":5,"column":34}},"type":"binary-expr","locations":[{"start":{"line":5,"column":6},"end":{"line":5,"column":10}},{"start":{"line":5,"column":6},"end":{"line":5,"column":34}}],"line":5},"12":{"loc":{"start":{"line":5,"column":29},"end":{"line":6,"column":43}},"type":"binary-expr","locations":[{"start":{"line":5,"column":29},"end":{"line":5,"column":34}},{"start":{"line":5,"column":29},"end":{"line":6,"column":43}}],"line":5},"13":{"loc":{"start":{"line":8,"column":17},"end":{"line":9,"column":null}},"type":"cond-expr","locations":[{"start":{"line":8,"column":17},"end":{"line":9,"column":null}},{"start":{"line":9,"column":23},"end":{"line":9,"column":null}}],"line":8},"14":{"loc":{"start":{"line":12,"column":17},"end":{"line":13,"column":null}},"type":"cond-expr","locations":[{"start":{"line":12,"column":17},"end":{"line":13,"column":null}},{"start":{"line":13,"column":25},"end":{"line":13,"column":null}}],"line":12},"15":{"loc":{"start":{"line":16,"column":6},"end":{"line":68,"column":101}},"type":"cond-expr","locations":[{"start":{"line":17,"column":19},"end":{"line":50,"column":20}},{"start":{"line":50,"column":6},"end":{"line":68,"column":101}}],"line":16},"16":{"loc":{"start":{"line":27,"column":14},"end":{"line":19,"column":42}},"type":"binary-expr","locations":[{"start":{"line":27,"column":14},"end":{"line":27,"column":null}},{"start":{"line":27,"column":14},"end":{"line":19,"column":42}}],"line":27},"17":{"loc":{"start":{"line":26,"column":12},"end":{"line":21,"column":null}},"type":"binary-expr","locations":[{"start":{"line":26,"column":12},"end":{"line":26,"column":null}},{"start":{"line":26,"column":12},"end":{"line":21,"column":null}}],"line":26},"18":{"loc":{"start":{"line":38,"column":14},"end":{"line":30,"column":48}},"type":"binary-expr","locations":[{"start":{"line":38,"column":14},"end":{"line":38,"column":null}},{"start":{"line":38,"column":14},"end":{"line":30,"column":48}}],"line":38},"19":{"loc":{"start":{"line":37,"column":12},"end":{"line":32,"column":null}},"type":"binary-expr","locations":[{"start":{"line":37,"column":12},"end":{"line":37,"column":null}},{"start":{"line":37,"column":12},"end":{"line":32,"column":null}}],"line":37},"20":{"loc":{"start":{"line":41,"column":28},"end":{"line":41,"column":63}},"type":"binary-expr","locations":[{"start":{"line":41,"column":28},"end":{"line":41,"column":38}},{"start":{"line":41,"column":28},"end":{"line":41,"column":63}}],"line":41},"21":{"loc":{"start":{"line":45,"column":13},"end":{"line":45,"column":null}},"type":"cond-expr","locations":[{"start":{"line":45,"column":22},"end":{"line":45,"column":null}},{"start":{"line":45,"column":22},"end":{"line":45,"column":null}}],"line":45},"22":{"loc":{"start":{"line":61,"column":14},"end":{"line":52,"column":47}},"type":"binary-expr","locations":[{"start":{"line":61,"column":14},"end":{"line":61,"column":null}},{"start":{"line":61,"column":14},"end":{"line":52,"column":47}}],"line":61},"23":{"loc":{"start":{"line":59,"column":12},"end":{"line":54,"column":null}},"type":"binary-expr","locations":[{"start":{"line":59,"column":12},"end":{"line":59,"column":null}},{"start":{"line":59,"column":12},"end":{"line":54,"column":null}}],"line":59},"24":{"loc":{"start":{"line":60,"column":10},"end":{"line":60,"column":75}},"type":"binary-expr","locations":[{"start":{"line":60,"column":10},"end":{"line":60,"column":13}},{"start":{"line":60,"column":10},"end":{"line":60,"column":75}}],"line":60},"25":{"loc":{"start":{"line":64,"column":13},"end":{"line":64,"column":null}},"type":"cond-expr","locations":[{"start":{"line":64,"column":22},"end":{"line":64,"column":null}},{"start":{"line":64,"column":22},"end":{"line":64,"column":null}}],"line":64},"26":{"loc":{"start":{"line":68,"column":28},"end":{"line":68,"column":64}},"type":"binary-expr","locations":[{"start":{"line":68,"column":28},"end":{"line":68,"column":38}},{"start":{"line":68,"column":28},"end":{"line":68,"column":64}}],"line":68}},"s":{"0":13,"1":13,"2":13,"3":13,"4":13,"5":13,"6":13,"7":7,"8":1,"9":1,"10":6,"11":6,"12":6,"13":6,"14":6,"15":4,"16":2,"17":2,"18":1,"19":1,"20":6,"21":3,"22":0,"23":0,"24":3,"25":3,"26":3,"27":3,"28":3,"29":2,"30":1,"31":0,"32":1,"33":1,"34":0,"35":3,"36":1,"37":1,"38":1,"39":1,"40":1,"41":1,"42":1,"43":52,"44":6,"45":6,"46":4,"47":3,"48":1},"f":{"0":7,"1":3,"2":6,"3":6,"4":4,"5":3,"6":1},"b":{"0":[1,6],"1":[7,6],"2":[2,2],"3":[1,1],"4":[1,0],"5":[1,1],"6":[0,3],"7":[0,1],"8":[1,0],"9":[0,0],"10":[52,13],"11":[52,13],"12":[52,13],"13":[6,46],"14":[2,50],"15":[39,13],"16":[39,13],"17":[39,13],"18":[39,13],"19":[39,13],"20":[39,13],"21":[6,33],"22":[13,4],"23":[13,4],"24":[13,4],"25":[3,10],"26":[13,4]},"meta":{"lastBranch":0,"lastFunction":0,"lastStatement":0,"seen":{}}}
,"/Users/rexgtcoder/Documents/projects/aerobook-web/src/views/ResetPassword.vue": {"path":"/Users/rexgtcoder/Documents/projects/aerobook-web/src/views/ResetPassword.vue","statementMap":{"0":{"start":{"line":64,"column":6},"end":{"line":64,"column":null}},"1":{"start":{"line":66,"column":6},"end":{"line":66,"column":null}},"2":{"start":{"line":67,"column":6},"end":{"line":67,"column":null}},"3":{"start":{"line":68,"column":6},"end":{"line":68,"column":null}},"4":{"start":{"line":69,"column":6},"end":{"line":69,"column":null}},"5":{"start":{"line":70,"column":6},"end":{"line":70,"column":null}},"6":{"start":{"line":71,"column":6},"end":{"line":71,"column":null}},"7":{"start":{"line":73,"column":0},"end":{"line":78,"column":null}},"8":{"start":{"line":74,"column":2},"end":{"line":74,"column":null}},"9":{"start":{"line":75,"column":2},"end":{"line":77,"column":null}},"10":{"start":{"line":76,"column":4},"end":{"line":76,"column":null}},"11":{"start":{"line":81,"column":2},"end":{"line":81,"column":null}},"12":{"start":{"line":83,"column":2},"end":{"line":86,"column":null}},"13":{"start":{"line":84,"column":4},"end":{"line":84,"column":null}},"14":{"start":{"line":85,"column":4},"end":{"line":85,"column":null}},"15":{"start":{"line":88,"column":2},"end":{"line":91,"column":null}},"16":{"start":{"line":89,"column":4},"end":{"line":89,"column":null}},"17":{"start":{"line":90,"column":4},"end":{"line":90,"column":null}},"18":{"start":{"line":93,"column":2},"end":{"line":96,"column":null}},"19":{"start":{"line":94,"column":4},"end":{"line":94,"column":null}},"20":{"start":{"line":95,"column":4},"end":{"line":95,"column":null}},"21":{"start":{"line":98,"column":2},"end":{"line":98,"column":null}},"22":{"start":{"line":100,"column":2},"end":{"line":111,"column":null}},"23":{"start":{"line":101,"column":4},"end":{"line":101,"column":null}},"24":{"start":{"line":102,"column":4},"end":{"line":102,"column":null}},"25":{"start":{"line":104,"column":4},"end":{"line":108,"column":null}},"26":{"start":{"line":105,"column":6},"end":{"line":105,"column":null}},"27":{"start":{"line":107,"column":6},"end":{"line":107,"column":null}},"28":{"start":{"line":110,"column":4},"end":{"line":110,"column":null}},"29":{"start":{"line":2,"column":7},"end":{"line":2,"column":null}},"30":{"start":{"line":3,"column":9},"end":{"line":3,"column":null}},"31":{"start":{"line":15,"column":15},"end":{"line":15,"column":null}},"32":{"start":{"line":27,"column":15},"end":{"line":27,"column":null}},"33":{"start":{"line":2,"column":2},"end":{"line":52,"column":24}},"34":{"start":{"line":18,"column":23},"end":{"line":18,"column":null}},"35":{"start":{"line":30,"column":23},"end":{"line":30,"column":null}},"36":{"start":{"line":52,"column":10},"end":{"line":52,"column":24}}},"fnMap":{"0":{"name":"(anonymous_0)","decl":{"start":{"line":73,"column":10},"end":{"line":73,"column":16}},"loc":{"start":{"line":73,"column":16},"end":{"line":78,"column":1}},"line":73},"1":{"name":"handleReset","decl":{"start":{"line":80,"column":15},"end":{"line":80,"column":29}},"loc":{"start":{"line":80,"column":29},"end":{"line":112,"column":null}},"line":80},"2":{"name":"(anonymous_2)","decl":{"start":{"line":24,"column":14},"end":{"line":24,"column":null}},"loc":{"start":{"line":18,"column":23},"end":{"line":18,"column":null}},"line":18},"3":{"name":"(anonymous_3)","decl":{"start":{"line":36,"column":14},"end":{"line":36,"column":null}},"loc":{"start":{"line":30,"column":23},"end":{"line":30,"column":null}},"line":30},"4":{"name":"(anonymous_4)","decl":{"start":{"line":50,"column":55},"end":{"line":50,"column":null}},"loc":{"start":{"line":52,"column":10},"end":{"line":52,"column":24}},"line":52}},"branchMap":{"0":{"loc":{"start":{"line":74,"column":16},"end":{"line":74,"column":null}},"type":"binary-expr","locations":[{"start":{"line":74,"column":16},"end":{"line":74,"column":47}},{"start":{"line":74,"column":47},"end":{"line":74,"column":null}}],"line":74},"1":{"loc":{"start":{"line":75,"column":2},"end":{"line":77,"column":null}},"type":"if","locations":[{"start":{"line":75,"column":2},"end":{"line":77,"column":null}},{"start":{},"end":{}}],"line":75},"2":{"loc":{"start":{"line":83,"column":2},"end":{"line":86,"column":null}},"type":"if","locations":[{"start":{"line":83,"column":2},"end":{"line":86,"column":null}},{"start":{},"end":{}}],"line":83},"3":{"loc":{"start":{"line":88,"column":2},"end":{"line":91,"column":null}},"type":"if","locations":[{"start":{"line":88,"column":2},"end":{"line":91,"column":null}},{"start":{},"end":{}}],"line":88},"4":{"loc":{"start":{"line":93,"column":2},"end":{"line":96,"column":null}},"type":"if","locations":[{"start":{"line":93,"column":2},"end":{"line":96,"column":null}},{"start":{},"end":{}}],"line":93},"5":{"loc":{"start":{"line":104,"column":4},"end":{"line":108,"column":null}},"type":"if","locations":[{"start":{"line":104,"column":4},"end":{"line":108,"column":null}},{"start":{"line":106,"column":11},"end":{"line":108,"column":null}}],"line":104},"6":{"loc":{"start":{"line":107,"column":27},"end":{"line":107,"column":null}},"type":"binary-expr","locations":[{"start":{"line":107,"column":27},"end":{"line":107,"column":59}},{"start":{"line":107,"column":59},"end":{"line":107,"column":null}}],"line":107},"7":{"loc":{"start":{"line":55,"column":10},"end":{"line":4,"column":40}},"type":"binary-expr","locations":[{"start":{"line":55,"column":10},"end":{"line":55,"column":null}},{"start":{"line":55,"column":10},"end":{"line":4,"column":40}}],"line":55},"8":{"loc":{"start":{"line":4,"column":34},"end":{"line":52,"column":24}},"type":"cond-expr","locations":[{"start":{"line":6,"column":23},"end":{"line":46,"column":13}},{"start":{"line":46,"column":8},"end":{"line":52,"column":24}}],"line":4},"9":{"loc":{"start":{"line":43,"column":17},"end":{"line":7,"column":34}},"type":"binary-expr","locations":[{"start":{"line":43,"column":17},"end":{"line":43,"column":null}},{"start":{"line":43,"column":17},"end":{"line":7,"column":34}}],"line":43},"10":{"loc":{"start":{"line":7,"column":29},"end":{"line":8,"column":52}},"type":"binary-expr","locations":[{"start":{"line":7,"column":29},"end":{"line":7,"column":34}},{"start":{"line":7,"column":29},"end":{"line":8,"column":52}}],"line":7},"11":{"loc":{"start":{"line":10,"column":19},"end":{"line":11,"column":null}},"type":"cond-expr","locations":[{"start":{"line":10,"column":19},"end":{"line":11,"column":null}},{"start":{"line":11,"column":25},"end":{"line":11,"column":null}}],"line":10},"12":{"loc":{"start":{"line":25,"column":16},"end":{"line":16,"column":54}},"type":"binary-expr","locations":[{"start":{"line":25,"column":16},"end":{"line":25,"column":null}},{"start":{"line":25,"column":16},"end":{"line":16,"column":54}}],"line":25},"13":{"loc":{"start":{"line":24,"column":14},"end":{"line":18,"column":null}},"type":"binary-expr","locations":[{"start":{"line":24,"column":14},"end":{"line":24,"column":null}},{"start":{"line":24,"column":14},"end":{"line":18,"column":null}}],"line":24},"14":{"loc":{"start":{"line":37,"column":16},"end":{"line":28,"column":65}},"type":"binary-expr","locations":[{"start":{"line":37,"column":16},"end":{"line":37,"column":null}},{"start":{"line":37,"column":16},"end":{"line":28,"column":65}}],"line":37},"15":{"loc":{"start":{"line":36,"column":14},"end":{"line":30,"column":null}},"type":"binary-expr","locations":[{"start":{"line":36,"column":14},"end":{"line":36,"column":null}},{"start":{"line":36,"column":14},"end":{"line":30,"column":null}}],"line":36},"16":{"loc":{"start":{"line":40,"column":15},"end":{"line":40,"column":null}},"type":"cond-expr","locations":[{"start":{"line":40,"column":24},"end":{"line":40,"column":null}},{"start":{"line":40,"column":24},"end":{"line":40,"column":null}}],"line":40},"17":{"loc":{"start":{"line":53,"column":14},"end":{"line":47,"column":43}},"type":"binary-expr","locations":[{"start":{"line":53,"column":14},"end":{"line":53,"column":null}},{"start":{"line":53,"column":14},"end":{"line":47,"column":43}}],"line":53},"18":{"loc":{"start":{"line":47,"column":37},"end":{"line":48,"column":45}},"type":"binary-expr","locations":[{"start":{"line":47,"column":37},"end":{"line":47,"column":43}},{"start":{"line":47,"column":37},"end":{"line":48,"column":45}}],"line":47},"19":{"loc":{"start":{"line":48,"column":40},"end":{"line":49,"column":88}},"type":"binary-expr","locations":[{"start":{"line":48,"column":40},"end":{"line":48,"column":45}},{"start":{"line":48,"column":40},"end":{"line":49,"column":88}}],"line":48},"20":{"loc":{"start":{"line":52,"column":10},"end":{"line":52,"column":24}},"type":"binary-expr","locations":[{"start":{"line":52,"column":10},"end":{"line":52,"column":24}},{"start":{"line":52,"column":10},"end":{"line":52,"column":24}}],"line":52}},"s":{"0":6,"1":6,"2":6,"3":6,"4":6,"5":6,"6":6,"7":6,"8":6,"9":6,"10":1,"11":4,"12":4,"13":0,"14":0,"15":4,"16":1,"17":1,"18":3,"19":1,"20":1,"21":2,"22":2,"23":2,"24":1,"25":1,"26":0,"27":1,"28":2,"29":1,"30":1,"31":1,"32":1,"33":21,"34":4,"35":4,"36":0},"f":{"0":6,"1":4,"2":4,"3":4,"4":0},"b":{"0":[6,1],"1":[1,5],"2":[0,4],"3":[1,3],"4":[1,2],"5":[0,1],"6":[1,0],"7":[21,6],"8":[20,1],"9":[20,6],"10":[20,6],"11":[4,16],"12":[20,6],"13":[20,6],"14":[20,6],"15":[20,6],"16":[2,18],"17":[1,1],"18":[1,1],"19":[1,1],"20":[0,0]},"meta":{"lastBranch":0,"lastFunction":0,"lastStatement":0,"seen":{}}}
}
